commit 7890b21a7dea8595a5ccc97544e7e6a56f83867b
Author: kbbrownn <kbbrown@utexas.edu>
Date:   Thu Apr 20 17:37:20 2017 -0500

    Fixed home search

commit 365aaa82d701e55e03bbbbf0e290fc40f4bb9585
Merge: a3293d7 045cb53
Author: kbbrownn <kbbrown@utexas.edu>
Date:   Thu Apr 20 17:36:00 2017 -0500

    Merge branch 'phase3test' of https://github.com/wcrasta/idb into phase3test

commit 045cb531347b72b0d96c11c53ceb118196f5beb1
Author: Zihao Zhu <zz3686@cs.utexas.edu>
Date:   Thu Apr 20 17:35:14 2017 -0500

    Please

commit a3293d7348bbc0f08b6ac937f468779063652b70
Merge: b66bb03 e409be3
Author: kbbrownn <kbbrown@utexas.edu>
Date:   Thu Apr 20 17:30:18 2017 -0500

    Merge branch 'phase3test' of https://github.com/wcrasta/idb into phase3test

commit e409be35b1a398ec64da05f122935e381b36cac5
Merge: 9ed215b be6311e
Author: Anurag Papineni <anuragpapineni@gmail.com>
Date:   Thu Apr 20 17:29:24 2017 -0500

    Merge branch 'phase3test' of https://github.com/wcrasta/idb into phase3test

commit 9ed215bff9f360c6ad41545e6146743ee9ad8f7c
Author: Anurag Papineni <anuragpapineni@gmail.com>
Date:   Thu Apr 20 17:29:11 2017 -0500

    search highlighting now no longer includes spaces

commit be6311e30ecf3da19dd2feca5f676687140ee7a3
Merge: cc41352 d46e8be
Author: Zihao Zhu <zz3686@cs.utexas.edu>
Date:   Thu Apr 20 17:28:53 2017 -0500

    Merge branch 'phase3test' of https://github.com/wcrasta/idb into phase3test

commit cc4135224003ccc223c3d930eeaf50707278a784
Author: Zihao Zhu <zz3686@cs.utexas.edu>
Date:   Thu Apr 20 17:28:43 2017 -0500

    lol

commit b66bb0311f55a6c463f5a9cc1c389b021d3f1eae
Author: kbbrownn <kbbrown@utexas.edu>
Date:   Thu Apr 20 17:23:10 2017 -0500

    Fixed search bar on home page / put one in navbar on small devices

commit d46e8beb3840ba691c78ff782dbafc14b2b05269
Author: Anurag Papineni <anuragpapineni@gmail.com>
Date:   Thu Apr 20 17:21:40 2017 -0500

    forgot to change planit poker title color

commit f2097df94caf5e5c54a279c0ad0227c9ba258c8d
Author: Anurag Papineni <anuragpapineni@gmail.com>
Date:   Thu Apr 20 17:18:17 2017 -0500

    planit poker on report

commit 888aa9e00334b9797be4bd83411e49d48b97daa6
Author: Zihao Zhu <zz3686@cs.utexas.edu>
Date:   Thu Apr 20 17:05:57 2017 -0500

    Added storyline

commit 3e90d4270cffe4bd8aa2bad04b50e4be68206dc4
Merge: cc0ecbf 88043c2
Author: Colin Thornton <colin@cs.utexas.edu>
Date:   Thu Apr 20 16:50:50 2017 -0500

    Merge branch 'phase3test' of https://github.com/wcrasta/idb into phase3test

commit cc0ecbff8a278769d64d4a25c63291630f4f2a14
Author: Colin Thornton <colin@cs.utexas.edu>
Date:   Thu Apr 20 16:50:33 2017 -0500

    Added dynamic visualization loading and fixed make file and run unit test button

commit 88043c2c9d530019df66f5e29b1364a260968595
Author: Kaivan Shah <kaivan29@utexas.edu>
Date:   Thu Apr 20 16:21:47 2017 -0500

    complete circle shows now

commit eaad5e0c443126ee442af32fc36579fac5bfa56a
Author: Colin Thornton <colin@cs.utexas.edu>
Date:   Thu Apr 20 16:12:52 2017 -0500

    Added a word explaination of the visualization

commit b2de9ed76d97c28aacb978c9a9853725250e562d
Author: kbbrownn <kbbrown@utexas.edu>
Date:   Thu Apr 20 12:52:54 2017 -0500

    Text no longer prevents sections of visualization from being selectable

commit 0455c8afec156f6733147bcd6ad8612bc5f1f290
Author: kbbrownn <kbbrown@utexas.edu>
Date:   Thu Apr 20 12:12:46 2017 -0500

    Improved visibility of logo on home

commit 6fdd5efd56ad07e8ff61f38dd522232ab1701698
Author: kbbrownn <kbbrown@utexas.edu>
Date:   Thu Apr 20 11:34:58 2017 -0500

    Prevent logo from zooming on hover on report page

commit 352f14fa59b3905a50ca853f538e4e54bc456448
Author: Anurag Papineni <anuragpapineni@gmail.com>
Date:   Thu Apr 20 00:52:00 2017 -0500

    my report stuff

commit da7f07d80ef67516cb59aebf69634e7b40d0d75c
Author: Anurag Papineni <anuragpapineni@gmail.com>
Date:   Thu Apr 20 00:17:07 2017 -0500

    fixed search. also added threaded function for a little extra speed

commit de11bbb3f8fad9d379056e99056b5e91cd3f39fc
Author: Anurag Papineni <anuragpapineni@gmail.com>
Date:   Wed Apr 19 23:32:55 2017 -0500

    regex stuff  fixed maybe

commit 4a8ab4e94795441c1de814a517232f6406da293c
Author: kbbrownn <kbbrown@utexas.edu>
Date:   Wed Apr 19 21:48:38 2017 -0500

    Added some stuff to vis page

commit 506bb1f42b24821bd16c9d9f59c34e6f2a5777f4
Merge: 9fc351d 56f71cc
Author: kbbrownn <kbbrown@utexas.edu>
Date:   Wed Apr 19 21:35:26 2017 -0500

    Trying to solve merge conflicts

commit 9fc351d15427744d592278bb6690a008c6178499
Author: kbbrownn <kbbrown@utexas.edu>
Date:   Wed Apr 19 21:30:37 2017 -0500

    Fixed navbar search bar alignment + mobile fixes / changed shadow on home page

commit 56f71ccc466b57df960a497b08641b6ebd1cfe72
Merge: 29d06c2 ee86568
Author: Colin Thornton <colin@cs.utexas.edu>
Date:   Wed Apr 19 21:23:49 2017 -0500

    Merge branch 'phase3test' of https://github.com/wcrasta/idb into phase3test

commit 29d06c22d35a815f2c05cbf38e0630cedfa860bd
Author: Colin Thornton <colin@cs.utexas.edu>
Date:   Wed Apr 19 21:23:10 2017 -0500

    Finished visualization need to fix font to no longer be limited to 20 characters and instead container size

commit ee86568c5ae1031a559fc6707f86ae092ab4e199
Merge: 62f3973 0783121
Author: Kaivan Shah <kaivan29@utexas.edu>
Date:   Wed Apr 19 19:52:59 2017 -0500

    Merge branch 'phase3test' of https://github.com/wcrasta/idb into phase3test

commit 62f39739fe79fc3dbaa7f7062cdaaf8d48211560
Author: Kaivan Shah <kaivan29@utexas.edu>
Date:   Wed Apr 19 19:52:40 2017 -0500

    report d3.js

commit 0783121d293d9e80dd24df507e8bad059f82b89b
Merge: f0d91aa 0fcd9d7
Author: kbbrownn <kbbrown@utexas.edu>
Date:   Wed Apr 19 19:20:16 2017 -0500

    Merge branch 'phase3test' of https://github.com/wcrasta/idb into phase3test

commit f0d91aaaa1c3d6a640aee930429bd39a3f84004d
Author: kbbrownn <kbbrown@utexas.edu>
Date:   Wed Apr 19 19:20:11 2017 -0500

    Various styling changes on search page

commit b2209e404026fbb9f766d3c11a4d025cae4d9960
Author: kbbrownn <kbbrown@utexas.edu>
Date:   Wed Apr 19 19:02:30 2017 -0500

    Added zoomable images on hover for better readability

commit 0fcd9d730b233f974705d02db95e899785d088df
Author: Zihao Zhu <zz3686@cs.utexas.edu>
Date:   Wed Apr 19 15:40:24 2017 -0500

    Done presentation

commit 7fc974d66a23c4286b4806cbf41e43e396d7d284
Author: kbbrownn <kbbrown@utexas.edu>
Date:   Wed Apr 19 15:23:54 2017 -0500

    Added link / route to presentation

commit 0ec9798687477e76864d3454dbf565c94195a07c
Author: Zihao Zhu <zz3686@cs.utexas.edu>
Date:   Wed Apr 19 15:03:25 2017 -0500

    added none to default platform

commit e892ba27002a3aa0be39ffde212c8c37b941f6d3
Merge: c7ec71c d25478c
Author: Zihao Zhu <zz3686@cs.utexas.edu>
Date:   Wed Apr 19 14:59:46 2017 -0500

    Merge branch 'phase3test' of https://github.com/wcrasta/idb into phase3test

commit c7ec71c07ee30016f00e4c822621d2ec96ad9a68
Author: Zihao Zhu <zz3686@cs.utexas.edu>
Date:   Wed Apr 19 14:59:32 2017 -0500

    removed printing and unncessary stuff

commit d25478c11380926c774b663a045a52b6716bc3a3
Merge: c3db3d5 d637d2f
Author: kbbrownn <kbbrown@utexas.edu>
Date:   Wed Apr 19 14:57:53 2017 -0500

    Merge branch 'phase3test' of https://github.com/wcrasta/idb into phase3test

commit d637d2f3381f3b44ee4904663bc203986f997564
Author: Zihao Zhu <zz3686@cs.utexas.edu>
Date:   Wed Apr 19 14:57:43 2017 -0500

    added shadow

commit c3db3d557c9a3b8704657064e0317437f532ad9d
Author: kbbrownn <kbbrown@utexas.edu>
Date:   Wed Apr 19 14:57:13 2017 -0500

    Credit to Zihao for finding the same visualization model with labels already implemented lol

commit 24c7fe688d34424b369f622ef4ae506bf5d01213
Author: Zihao Zhu <zz3686@cs.utexas.edu>
Date:   Wed Apr 19 14:44:33 2017 -0500

    fixed autopep 8 and coverage

commit 5e49e8022b681b24bd4cadff51e926e114f72bac
Author: kbbrownn <kbbrown@utexas.edu>
Date:   Wed Apr 19 14:29:12 2017 -0500

    Added border radius / removed overflow to search tables

commit ad2ee2d33bf2bb40986db60cc78322f16f8de677
Author: Zihao Zhu <zz3686@cs.utexas.edu>
Date:   Wed Apr 19 13:51:10 2017 -0500

    highlighting works properly and links are not messed up on search

commit cd5999c887ce6bcf642ac6cc2b35dd501deadd7d
Author: Zihao Zhu <zz3686@cs.utexas.edu>
Date:   Wed Apr 19 13:29:21 2017 -0500

    Adding whoosh alch

commit 974a50e1d34c4818008dbb541e161195a74e1319
Author: Zihao Zhu <zz3686@cs.utexas.edu>
Date:   Wed Apr 19 13:27:12 2017 -0500

    Fixed search?

commit 1a93377808b1813ef9a7624ca4684770dd5375d4
Author: kbbrownn <kbbrown@utexas.edu>
Date:   Wed Apr 19 11:53:33 2017 -0500

    Added text to all paths

commit 9c321b7be14450414ce9aef2d86d024e12e1c14a
Author: kbbrownn <kbbrown@utexas.edu>
Date:   Tue Apr 18 23:58:51 2017 -0500

    Finally got text on pie, may be able to stick with this visualization

commit 6a4000b2a260975e0fb3b6cdfde348cb11497f25
Author: Warren Crasta <warrencrasta@gmail.com>
Date:   Tue Apr 18 22:08:24 2017 -0500

    Search is so fragile.

commit d901e0c9292cc57fc6bde65714599dd01aaea596
Author: wcrasta <wcrasta@utexas.edu>
Date:   Tue Apr 18 21:42:38 2017 -0500

    Fixing small error in makefile.

commit 06f2349754d1e44b7f5888d7a3a151cc2bab6c5c
Author: wcrasta <wcrasta@utexas.edu>
Date:   Tue Apr 18 21:34:10 2017 -0500

    Updates to makefile to address Issue 78

commit 5f7f9cdfa70f16bad951974bc95d01881f2cd22e
Author: Warren Crasta <warrencrasta@gmail.com>
Date:   Tue Apr 18 19:42:38 2017 -0500

    Making search look better.

commit 64be98a89e1d4049771316d8abec8b939b0edc54
Author: Warren Crasta <warrencrasta@gmail.com>
Date:   Tue Apr 18 18:36:47 2017 -0500

    Synchronize server files with GitHub

commit 1da66e2834738c2b43256822792aa25651541921
Author: Zihao <zihaozhu@utexas.edu>
Date:   Tue Apr 18 12:59:22 2017 -0500

    Added my portions of the report

commit 150b262196dd35467ca1ffa604ed641e4d0b53ad
Author: kbbrownn <kbbrown@utexas.edu>
Date:   Mon Apr 17 12:11:22 2017 -0500

    Vis page now loads flare.json from proper route

commit 8a0d411293d675330ccc61410d6d627c000793e3
Author: kbbrownn <kbbrown@utexas.edu>
Date:   Mon Apr 17 11:52:52 2017 -0500

    Updated gitignore to ignore package.json

commit 7844effcac8b5a2d4fa7cce578ef0ecc31fa5891
Author: Kaivan Shah <kaivan29@utexas.edu>
Date:   Mon Apr 17 11:51:44 2017 -0500

    added flare.json

commit 871bfdf791bd7ecde7bfdc2ad8dfc25d8f79fdea
Author: kbbrownn <kbbrown@utexas.edu>
Date:   Mon Apr 17 11:50:31 2017 -0500

    Fixed gitignore to allow json files

commit d339c407dc50a633156794de5960980986f7a7a8
Author: Warren Crasta <warrencrasta@gmail.com>
Date:   Sat Apr 15 22:39:57 2017 -0500

    Missed adding the searchbar to 2 pages.

commit 460fa2491a5fcaa66081eeb8bdee599e23c3f332
Author: Warren Crasta <warrencrasta@gmail.com>
Date:   Sat Apr 15 22:28:35 2017 -0500

    Lame attempt at search in navbar.

commit b96132ef3ae9c47240c20c39ed4fc9bb05d34a45
Merge: 96ebf38 0114bc6
Author: Zihao <zihaozhu@utexas.edu>
Date:   Sat Apr 15 21:13:49 2017 -0500

    Merge branch 'phase3test' of https://github.com/wcrasta/idb into phase3test

commit 96ebf3874909efd6ba888390d29cfc94ceab3e4e
Author: Zihao <zihaozhu@utexas.edu>
Date:   Sat Apr 15 21:13:39 2017 -0500

    fixing contextualization

commit 0114bc660a9edaba87cd3a5b3eaea18384d43db4
Author: Warren Crasta <warrencrasta@gmail.com>
Date:   Sat Apr 15 21:11:40 2017 -0500

    Updated 404 page.

commit cf1bbbf98f2ed30e1d082b92a61485255040ca01
Author: Warren Crasta <warrencrasta@gmail.com>
Date:   Sat Apr 15 20:51:03 2017 -0500

    Removing CSS addition from 1cfdbe8cb017f5d3e999bbf0b3357779a5b33f96. Mistake?

commit b021a3cb3febf7f07a38cfd1b41565e800c98d50
Author: Warren Crasta <warrencrasta@gmail.com>
Date:   Sat Apr 15 20:11:38 2017 -0500

    Updated search UI

commit 67e8e6c8bfec54ca08c1747b92217924e057ee88
Author: Warren Crasta <warrencrasta@gmail.com>
Date:   Sat Apr 15 16:57:09 2017 -0500

    Fixed search contextualization. Closing #75.

commit 913aa81ad8419df13c6c6a2e70835eff4e61216a
Author: Anurag Papineni <anuragpapineni@gmail.com>
Date:   Sat Apr 15 12:41:19 2017 -0500

    10 results per page now and fixed bug where pagination wouldnt happen if there was an error in the js

commit 73099fc7e08d7dbd035837e198288e6c9c00718d
Author: Anurag Papineni <anuragpapineni@gmail.com>
Date:   Fri Apr 14 20:17:02 2017 -0500

    review pagination done

commit af85e6073b88bd88a34350b132342f86e634fdb8
Author: Anurag Papineni <anuragpapineni@gmail.com>
Date:   Fri Apr 14 20:10:56 2017 -0500

    studio pagination

commit 12fd9d893677d5eb1d738ab0c60d73b7b11e933a
Author: Anurag Papineni <anuragpapineni@gmail.com>
Date:   Fri Apr 14 20:06:53 2017 -0500

    platform pagination done

commit f3f444d40cca54d737b4e9229fce828b45c7fb02
Author: Anurag Papineni <anuragpapineni@gmail.com>
Date:   Fri Apr 14 19:49:38 2017 -0500

    game pagination finished

commit 48cbb73fd562e10399b1866d65bb1739532ece05
Author: Anurag Papineni <anuragpapineni@gmail.com>
Date:   Fri Apr 14 19:40:28 2017 -0500

    limiting results to 400 for search

commit 045d612afff75e2f86f5c77438e9c215e5c454cf
Author: Zihao <zihaozhu@utexas.edu>
Date:   Fri Apr 14 18:14:51 2017 -0500

    Fixed or search

commit e892fe5934101b481c828b462c0fcd9f89fbb256
Author: Zihao <zihaozhu@utexas.edu>
Date:   Fri Apr 14 18:14:26 2017 -0500

    Fixed or search

commit 74a277146718ecc69a1853867d9c4531e04c5ea9
Merge: 747029a 954e09b
Author: wcrasta <wcrasta@utexas.edu>
Date:   Fri Apr 14 15:26:27 2017 -0500

    Merge branch 'phase3test' of https://github.com/wcrasta/idb into phase3test

commit 747029a487fb758089163bf136ccc3f697bb576d
Author: wcrasta <wcrasta@utexas.edu>
Date:   Fri Apr 14 15:26:17 2017 -0500

    Fix highlighting and andSearch.

commit 954e09b3374c413d08d5396fff1eb211af19485b
Merge: 063d315 9bbb33c
Author: Kaivan Shah <kaivan29@utexas.edu>
Date:   Fri Apr 14 15:11:54 2017 -0500

    Merge branch 'phase3test' of https://github.com/wcrasta/idb into phase3test

commit 063d3152978a8c190ae801ea69a21210428f20d8
Author: Kaivan Shah <kaivan29@utexas.edu>
Date:   Fri Apr 14 15:11:50 2017 -0500

    visualization changes

commit 9bbb33c5ce0fb5159e0148ecdc362756245df539
Author: Zihao Zhu <zz3686@cs.utexas.edu>
Date:   Fri Apr 14 14:17:31 2017 -0500

    Added stuff to report

commit 442f670af9d79803297d1001b608960a055aa684
Merge: c9341e7 31e2b4d
Author: Kaivan Shah <kaivan29@utexas.edu>
Date:   Fri Apr 14 13:24:41 2017 -0500

    Merge branch 'phase3test' of https://github.com/wcrasta/idb into phase3test

commit 31e2b4d946626096c009b41c4f40e8399ef02e40
Author: wcrasta <wcrasta@utexas.edu>
Date:   Fri Apr 14 13:19:02 2017 -0500

    Colin's changes.

commit 91998399216b3a0938b907a8b5e5f6ef681ee444
Author: kbbrownn <kbbrown@utexas.edu>
Date:   Fri Apr 14 13:17:31 2017 -0500

    Added links to all individual pages / review url on search page

commit c9341e75b4db90b545f48974c731855ecfed4c13
Merge: adf715f dc04a4b
Author: Kaivan Shah <kaivan29@utexas.edu>
Date:   Fri Apr 14 13:13:28 2017 -0500

    Merge branch 'phase3test' of https://github.com/wcrasta/idb into phase3test

commit adf715f282b8b1c6170d0c14cbb748cf370f89a8
Author: Kaivan Shah <kaivan29@utexas.edu>
Date:   Fri Apr 14 13:13:26 2017 -0500

    visualization stuff

commit dc04a4b622b611eaff9b47768bbf3a77cbccceff
Merge: 9a2b795 5d751f9
Author: Zihao Zhu <zz3686@cs.utexas.edu>
Date:   Fri Apr 14 12:53:43 2017 -0500

    finished hilighting

commit 9a2b795dcd84ab3d5b9ba74b3af810a95dfbdbda
Author: Zihao Zhu <zz3686@cs.utexas.edu>
Date:   Fri Apr 14 12:52:21 2017 -0500

    Finished hi-lighting

commit 5d751f98c3f4159c75b5d54a81d2853ebbe2e957
Author: kbbrownn <kbbrown@utexas.edu>
Date:   Fri Apr 14 12:44:26 2017 -0500

    Cut down length of long items on search page

commit b6ba6584fe46d1d863a920496e31a94ccb9678be
Author: kbbrownn <kbbrown@utexas.edu>
Date:   Fri Apr 14 12:15:57 2017 -0500

    Fixed navbar / spacing on search page

commit 0465e2331326acf221a36fd080705d8e91fc96b4
Merge: 38f9566 e26d51c
Author: Zihao Zhu <zz3686@cs.utexas.edu>
Date:   Fri Apr 14 12:01:21 2017 -0500

    Merge branch 'phase3test' of https://github.com/wcrasta/idb into phase3test

commit 38f9566d4e383b6c6f512d86f7a9c7fd1a62bb03
Author: Zihao Zhu <zz3686@cs.utexas.edu>
Date:   Fri Apr 14 12:01:02 2017 -0500

    Fixed home search

commit e26d51c41c0bb10d4f74801294c371b819cf8c4d
Author: Warren Crasta <warrencrasta@gmail.com>
Date:   Thu Apr 13 14:36:28 2017 -0500

    Closing #71

commit 38740cb11b5acccf5f6eb0544fcbac23bf170027
Author: wcrasta <wcrasta@utexas.edu>
Date:   Thu Apr 13 13:46:02 2017 -0500

    Fixed search

commit c9763d27531de101c67b332d984e9c7dd7b5bc34
Author: wcrasta <wcrasta@utexas.edu>
Date:   Thu Apr 13 13:29:17 2017 -0500

    Fixing search

commit dfc7d1f6e8f0be01be4113ca9cc203688ebc74e4
Author: wcrasta <wcrasta@utexas.edu>
Date:   Thu Apr 13 12:05:56 2017 -0500

    Made attributes bold.

commit 4a64b4d46f2e5aa6ab2cecd043f58f55d49a68a2
Author: wcrasta <wcrasta@utexas.edu>
Date:   Thu Apr 13 11:15:18 2017 -0500

    Last of cleanup.

commit 68848f692d636d17a41127aa2f36d5f058890bef
Author: wcrasta <wcrasta@utexas.edu>
Date:   Thu Apr 13 11:12:55 2017 -0500

    Does this break search? v2

commit 9e7e8a2edcd3c7e9c3bfab52b0c6bca85b9fffa1
Merge: fd9d5dc dd5961e
Author: wcrasta <wcrasta@utexas.edu>
Date:   Thu Apr 13 11:10:03 2017 -0500

    Merge branch 'phase3test' of https://github.com/wcrasta/idb into phase3test

commit fd9d5dcef1d5fe8bb3f29253ee53dc8f42ac341f
Author: wcrasta <wcrasta@utexas.edu>
Date:   Thu Apr 13 11:09:40 2017 -0500

    Does this break search?

commit dd5961ea01a1628fc1daa4c6a1561f737c7ce379
Author: Colin-Thornton <spartan0366@yahoo.com>
Date:   Thu Apr 13 10:57:57 2017 -0500

    Added backrefs to games, studios and platforms for api call

commit deedb7ebf6e812db3dbb7bf414b70b979b1b4445
Author: kbbrownn <kbbrown@utexas.edu>
Date:   Thu Apr 13 10:16:33 2017 -0500

    Deleting old named files

commit ec3d0ff03014405dec37ca727be5439120207467
Author: kbbrownn <kbbrown@utexas.edu>
Date:   Thu Apr 13 10:08:26 2017 -0500

    Testing name changes

commit 738eebf5cf6fb711f5b653801ff490de3605f3d0
Author: Zihao Zhu <zz3686@cs.utexas.edu>
Date:   Wed Apr 12 19:00:05 2017 -0500

    Finished search

commit 545fddcc641f1da08974a9f1f49f80e92689667d
Merge: 1cfdbe8 32d37d6
Author: Zihao Zhu <zz3686@cs.utexas.edu>
Date:   Wed Apr 12 17:54:39 2017 -0500

    conflict

commit 32d37d6215f1cd109eaf7ac04c6837d8fae853f0
Author: kbbrownn <kbbrown@utexas.edu>
Date:   Wed Apr 12 16:05:00 2017 -0500

    Fixed various stylings

commit 1cfdbe8cb017f5d3e999bbf0b3357779a5b33f96
Author: Zihao Zhu <zz3686@cs.utexas.edu>
Date:   Wed Apr 12 16:01:39 2017 -0500

    Testy testy

commit 5145c21dc94753a486692aa40cae9a3b1a33e7c2
Author: Colin Thornton <colin@cs.utexas.edu>
Date:   Wed Apr 12 15:49:29 2017 -0500

    Starting scrap for visulization

commit ab807382894b7d7b985c70bc9d8416b8247ffc54
Author: kbbrownn <kbbrown@utexas.edu>
Date:   Wed Apr 12 12:31:14 2017 -0500

    Added template / route and link to visualization page

commit 95098a82b6e1e56b30a3cd82328b582756dca488
Merge: 683f00c 44f35ba
Author: kbbrownn <kbbrown@utexas.edu>
Date:   Wed Apr 12 12:11:53 2017 -0500

    Merge branch 'phase3' of https://github.com/wcrasta/idb into phase3

commit 683f00ce1570bf17d56ada7928e7c8b8b677e331
Author: kbbrownn <kbbrown@utexas.edu>
Date:   Wed Apr 12 12:11:25 2017 -0500

    Changed filter button sizing

commit 44f35ba04acebf3c522dfa680946d58973211605
Merge: f554f23 40e05b3
Author: Zihao <zihaozhu@utexas.edu>
Date:   Wed Apr 12 11:56:20 2017 -0500

    Merge branch 'phase3' of https://github.com/wcrasta/idb into phase3

commit f554f237a3a4b87a2b44d94f6b7ec3f10609123c
Author: Zihao <zihaozhu@utexas.edu>
Date:   Wed Apr 12 11:56:06 2017 -0500

    Working on search

commit 40e05b309722393d090c888146681e576b090c45
Author: kbbrownn <kbbrown@utexas.edu>
Date:   Tue Apr 11 23:07:41 2017 -0500

    Referencing #69, now have one button for filter submit, fixed spacing on studios, made titles smaller

commit ee5a6e89ea1facb6d63f7aa4f24df1891d2b5170
Merge: 3623457 4aa0480
Author: Zihao <zihaozhu@utexas.edu>
Date:   Tue Apr 11 13:25:38 2017 -0500

    backbone search

commit 36234573ea0731ce139b17fb8063dcf512655fd1
Author: Zihao <zihaozhu@utexas.edu>
Date:   Tue Apr 11 13:22:40 2017 -0500

    Added backbone search in init

commit 4aa0480fd5357b47e8c36fc1811a1529cb4213f4
Author: kbbrownn <kbbrown@utexas.edu>
Date:   Mon Apr 10 22:26:05 2017 -0500

    Reimplemented search bar on home page -- needs dynamic resizing / positioning on collapse

commit d017329c4db1856230aad70b2c8bb82469e52ce1
Author: kbbrownn <kbbrown@utexas.edu>
Date:   Mon Apr 10 22:23:15 2017 -0500

    Reimplemented search bar on home page -- needs styling fixes on page collapse

commit 6e37a33b1cb747d2323c54d0c006e02088d323b5
Author: Warren Crasta <warrencrasta@gmail.com>
Date:   Fri Apr 7 18:21:48 2017 -0500

    Adding Platforms and Studios to Games page

commit 2720312c0a113b5682625f806dc86b0e7fc186fc
Author: wcrasta <wcrasta@utexas.edu>
Date:   Thu Apr 6 20:02:52 2017 -0500

    Final commit Phase 2

commit 6b146c3eb48c416b542b792946856d35d698291b
Author: Colin Thornton <colin@cs.utexas.edu>
Date:   Thu Apr 6 19:48:19 2017 -0500

    Fixed studios and reviews

commit 1978dda038e7dacfe88cb648b185256f7c547d46
Author: kbbrownn <kbbrown@utexas.edu>
Date:   Thu Apr 6 19:09:37 2017 -0500

    Fixed underline for tools

commit a30a47961d8ec6e6f752d8cc20b5c5a626bae378
Author: kbbrownn <kbbrown@utexas.edu>
Date:   Thu Apr 6 18:31:42 2017 -0500

    Updated coverage for unit tests / results

commit 5799bf4e98d81fcdd423da050879ebce903f4525
Merge: fda7d68 d5a8a4a
Author: Kaivan Shah <kaivan29@utexas.edu>
Date:   Thu Apr 6 18:19:58 2017 -0500

    Merge branch 'master' of https://github.com/wcrasta/idb

commit fda7d6898ba99da072527a04b0bace946dd44354
Author: Kaivan Shah <kaivan29@utexas.edu>
Date:   Thu Apr 6 18:19:55 2017 -0500

    updated the commits on about page

commit d5a8a4a346389a7a8e1091b09bcbe18f5c585afd
Author: Colin-Thornton <colin_thornton0366@utexas.edu>
Date:   Thu Apr 6 18:16:21 2017 -0500

    Transferring API Description file from Apiary.io

commit 62e0c09f0eb154c78731cbca188a446769b502bc
Merge: 0cedd3e 22709dc
Author: wcrasta <wcrasta@utexas.edu>
Date:   Thu Apr 6 18:04:43 2017 -0500

    Merging phase2 into master

commit 22709dc36f3d95217d394cc238b4824138b16caa
Merge: 51ce32b cdd5c14
Author: Kaivan Shah <kaivan29@utexas.edu>
Date:   Thu Apr 6 16:46:31 2017 -0500

    Merge branch 'phase2' of https://github.com/wcrasta/idb into phase2

commit 51ce32b57451e8a25e18d0c80e761863bb58a3c3
Author: Kaivan Shah <kaivan29@utexas.edu>
Date:   Thu Apr 6 16:46:16 2017 -0500

    remove unwanted files

commit cdd5c1496656116030a697e1627fb1cb7291f311
Author: kbbrownn <kbbrown@utexas.edu>
Date:   Thu Apr 6 16:15:43 2017 -0500

    Changed sizing of underline / columns to be dynamic on varying screen sizes

commit f247a01230995c44fdf0241b47790b59f5e73da6
Author: Kaivan Shah <kaivan29@utexas.edu>
Date:   Thu Apr 6 16:08:46 2017 -0500

    report updated

commit 315354f999d1d05a892bc9e0f76f7020db50d559
Author: kbbrownn <kbbrown@utexas.edu>
Date:   Thu Apr 6 16:00:28 2017 -0500

    Extended underlines, update project leader, pushing image changes

commit 8c064875c4adb3505117f50956f4a58e6b1e9a7b
Author: wcrasta <wcrasta@utexas.edu>
Date:   Thu Apr 6 15:51:00 2017 -0500

    Update gitignore

commit 7f188c0ecebeb209b158b8d24632128d19635d06
Author: wcrasta <wcrasta@utexas.edu>
Date:   Thu Apr 6 15:49:06 2017 -0500

    Removed node_modules from repo

commit 5c19af94a7be67cd21d3a73a2fe30b9552f9fc29
Author: kbbrownn <kbbrown@utexas.edu>
Date:   Thu Apr 6 15:38:12 2017 -0500

    Fixed alignment / sizing of images on about page

commit bf0423e9e18ac14ad3bb17ae1ac606aa6e507164
Author: Colin-Thornton <spartan0366@yahoo.com>
Date:   Thu Apr 6 11:21:25 2017 -0500

    Added 317 words to Apiary portion of the report

commit c38d9cca61297c5d54c1ab340e97099d1a9f506d
Author: Colin-Thornton <spartan0366@yahoo.com>
Date:   Thu Apr 6 10:13:49 2017 -0500

    Added clickable navigation portion to carousel because it was required in the project documentation

commit 6e13446897ced65a0c5b387fe485b03b2f5c5052
Merge: f23cfec 9dc6c0c
Author: Kaivan Shah <kaivan29@utexas.edu>
Date:   Wed Apr 5 23:09:47 2017 -0500

    Merge branch 'phase2' of https://github.com/wcrasta/idb into phase2

commit f23cfec5cd746ad0dd0405812d1ac8669651030b
Author: Kaivan Shah <kaivan29@utexas.edu>
Date:   Wed Apr 5 23:09:41 2017 -0500

    about page changed

commit 9dc6c0c8c9b557f5b57556baf74b6d7be79e5376
Author: Anurag Papineni <anuragpapineni@gmail.com>
Date:   Wed Apr 5 23:08:06 2017 -0500

    My report stuff

commit 01112d3cfa9636dd350f1a9e061556b74149faa2
Author: kbbrownn <kbbrown@utexas.edu>
Date:   Wed Apr 5 18:52:53 2017 -0500

    Added api requests for reviews / review

commit bc87b9f0116c295a2eb277f40da961ea81e4d612
Merge: ced4ca1 8310466
Author: Kaivan Shah <kaivan29@utexas.edu>
Date:   Wed Apr 5 17:42:09 2017 -0500

    Merge branch 'phase2' of https://github.com/wcrasta/idb into phase2

commit ced4ca10f69a8350ad9c391cff01c53ec6d4a42a
Author: Kaivan Shah <kaivan29@utexas.edu>
Date:   Wed Apr 5 17:41:07 2017 -0500

    react stuff works

commit 83104663978487964fe4f65ab2392a559247d6cb
Author: Colin-Thornton <spartan0366@yahoo.com>
Date:   Wed Apr 5 17:29:15 2017 -0500

    Finished api request for studios

commit 39377f1f1a609df1e16ad80e85971da8e23b4207
Author: Colin-Thornton <spartan0366@yahoo.com>
Date:   Tue Apr 4 22:55:25 2017 -0500

    Finished Platforms api call add constraint so that there must be a name for it be displayed

commit b370515a43f45b87ef57ae499f7755bf12b05852
Merge: 82251e2 16d2d2c
Author: Colin-Thornton <spartan0366@yahoo.com>
Date:   Tue Apr 4 22:32:06 2017 -0500

    Merge branch 'phase2' of https://github.com/wcrasta/idb into phase2

commit 82251e2bb8dbd2c48a2ea1de0a1aa08a368576c7
Author: Colin-Thornton <spartan0366@yahoo.com>
Date:   Tue Apr 4 22:31:51 2017 -0500

    Finished Game and specific game api call

commit 16d2d2c3529884e788caa1bbe9ccc778767f7de6
Author: Warren Crasta <warrencrasta@gmail.com>
Date:   Tue Apr 4 22:29:13 2017 -0500

    Finished writing about databases

commit 42b90f633f859cfe9d11e12e896da3e08662209b
Author: Zihao <zihaozhu@utexas.edu>
Date:   Tue Apr 4 16:08:17 2017 -0500

    Checking if travis is okay

commit ac8eae1c531540a47884ed8b8762a5327ddc2997
Author: Zihao <zihaozhu@utexas.edu>
Date:   Tue Apr 4 15:16:22 2017 -0500

    Added restful to requirements

commit 299926252b92701eb887bf95668acc9b32383549
Author: Zihao <zihaozhu@utexas.edu>
Date:   Tue Apr 4 14:33:44 2017 -0500

    Added example of restful api calls in init

commit 651ed86fb5adb83357d3376e61d429338140a902
Merge: 3195e5d 80c38b7
Author: Warren Crasta <warrencrasta@gmail.com>
Date:   Tue Apr 4 13:44:35 2017 -0500

    Merge branch 'phase2' of https://github.com/wcrasta/idb into phase2

commit 3195e5daa7c98f796826c5fca5fa01a7473f0dd1
Author: Warren Crasta <warrencrasta@gmail.com>
Date:   Tue Apr 4 13:43:15 2017 -0500

    Minor changes to report.

commit 80c38b7797dd9f9d8629f5e07e73107685cc08b8
Author: Zihao <zihaozhu@utexas.edu>
Date:   Tue Apr 4 00:48:02 2017 -0500

    Removed comments from init

commit 3c377b18a8cec361ec450814080a014e5fe58d6b
Author: Warren Crasta <warrencrasta@gmail.com>
Date:   Mon Apr 3 23:47:20 2017 -0500

    More technical report.

commit 7cc644a46ba261179de2c86eeb397af08b7382a7
Author: Warren Crasta <warrencrasta@gmail.com>
Date:   Mon Apr 3 22:04:23 2017 -0500

    Using AWS again

commit 96087bae56629d415f64ded46f047864ba0e0f8c
Author: Warren Crasta <warrencrasta@gmail.com>
Date:   Mon Apr 3 22:03:04 2017 -0500

    Proofread and re-formatted about half of the technical report.

commit b360f8d8d1a3ec893ce5c57b1974ceb0b483d983
Author: kbbrownn <kbbrown@utexas.edu>
Date:   Mon Apr 3 14:21:36 2017 -0500

    Fixed sort button positioning among all pages

commit a89509af76052762d0f21a6f82a10387f6fbe837
Author: Zihao Zhu <zz3686@cs.utexas.edu>
Date:   Mon Apr 3 13:48:16 2017 -0500

    Finished my report section

commit 1e63f24b0e8c78ce75e9a68a1a8a84d76512b842
Author: Anurag Papineni <anuragpapineni@gmail.com>
Date:   Sun Apr 2 19:48:22 2017 -0500

    better pagination set up

commit 54efd21ad4b66bd38530624c312e2b7c74912af3
Author: Colin-Thornton <spartan0366@yahoo.com>
Date:   Sun Apr 2 19:42:37 2017 -0500

    Removed Platform from studios filter because it was sorting on platform id

commit 5be4c811e294c68403b281ce46ced07dac352083
Merge: aee79c9 edb3a6f
Author: Colin-Thornton <spartan0366@yahoo.com>
Date:   Sun Apr 2 19:36:08 2017 -0500

    Merge branch 'phase2' of https://github.com/wcrasta/idb into phase2

commit aee79c909f1482334391ed3ec2b760a9778f0a2c
Author: Colin-Thornton <spartan0366@yahoo.com>
Date:   Sun Apr 2 19:36:04 2017 -0500

    Fixed Mixed up sorting with Founded date and game rating

commit edb3a6f0405a5283e1d49e39530b17fc1e52a58e
Author: kbbrownn <kbbrown@utexas.edu>
Date:   Sun Apr 2 19:32:15 2017 -0500

    Changed SQL lite info to PostgreSQL on about page

commit 4d86b1152658d759d8df8ef2bf7972b02247e576
Author: Anurag Papineni <anuragpapineni@gmail.com>
Date:   Sun Apr 2 19:11:04 2017 -0500

    may have fixed unit tests not running bug

commit 4bd99b9e9c2e93ff51bc633d352f354ba57b4df0
Author: Anurag Papineni <anuragpapineni@gmail.com>
Date:   Sun Apr 2 18:56:56 2017 -0500

    pagination now actually displays the right pages

commit ceee2d234f55189264231670f444f103d1f9be94
Author: Anurag Papineni <anuragpapineni@gmail.com>
Date:   Sun Apr 2 18:46:10 2017 -0500

    fixed status not showing up

commit 085af8959ae47b0d96dbc024902c8441e261e85f
Author: Warren Crasta <warrencrasta@gmail.com>
Date:   Sun Apr 2 14:22:14 2017 -0500

    Fixed a lot of inconsistencies among the pages.

commit 0bff79c900619cda4bf84c28eb2dc0526b533a07
Author: Anurag Papineni <anuragpapineni@gmail.com>
Date:   Sat Apr 1 20:51:40 2017 -0500

    made a mistake last time and made stuff public. Some slight efficiency increases. Also removed filtering by studio for games since there's too many

commit 4841fb46c8fa95c1d8a24a0c98f304f1a748aa5f
Author: Anurag Papineni <anuragpapineni@gmail.com>
Date:   Sat Apr 1 19:52:27 2017 -0500

    removed extra parentheses that may have been confusing the compiler

commit 164ed9c373395a42f99e2c9ed760188ea6334a29
Author: Anurag Papineni <anurag@cs.utexas.edu>
Date:   Fri Mar 31 19:52:56 2017 -0500

    all filtering done i think

commit 1cfd9c10c82a436d787674676f17d6154106e4fe
Author: Anurag Papineni <anurag@cs.utexas.edu>
Date:   Fri Mar 31 19:32:09 2017 -0500

    filtering for reviews

commit 26c6105dfbc23b0eb837347151c183a09ef3f582
Author: Anurag Papineni <anurag@cs.utexas.edu>
Date:   Fri Mar 31 17:28:47 2017 -0500

    sorting and filtering done for platforms

commit 9db70a23e283cededbbd901ea5a248a9c1f38aea
Author: kbbrownn <kbbrown@utexas.edu>
Date:   Thu Mar 30 17:38:16 2017 -0500

    Sort button now sorts upon selection -- changed some styling

commit e6bb8a59b9502cabde0569cf7d11ce9c475bba5d
Author: wcrasta <wcrasta@utexas.edu>
Date:   Thu Mar 30 17:24:52 2017 -0500

    Makefile finally working.

commit 5a4b9081204e9242fc4f3a3fbe76db3ace915fdc
Author: wcrasta <wcrasta@utexas.edu>
Date:   Thu Mar 30 17:21:28 2017 -0500

    Please work!

commit 5780655cfff533a866746437937851200c9aab40
Author: wcrasta <wcrasta@utexas.edu>
Date:   Thu Mar 30 17:17:56 2017 -0500

    Changes to makefile.

commit 7511a7942163632c0730da62a033682b21159cd5
Author: wcrasta <wcrasta@utexas.edu>
Date:   Thu Mar 30 17:14:04 2017 -0500

    Going back to latest working commit

commit 4013b3b997a7e0da06553a7517f9c1cface23515
Author: wcrasta <wcrasta@utexas.edu>
Date:   Thu Mar 30 16:48:08 2017 -0500

    If only I had a dollar for everytime Travis did something nonsensical...

commit 33dab3dd9c42a5939fe541caf39b5a57e7afcb24
Author: wcrasta <wcrasta@utexas.edu>
Date:   Thu Mar 30 16:37:02 2017 -0500

    Fixig Travis, I hope.

commit 4d248643f20290e7e196314f68517e18f6546365
Author: wcrasta <wcrasta@utexas.edu>
Date:   Thu Mar 30 16:33:56 2017 -0500

    Purposely breaking Travis, test.

commit 35d899c7ca9602acd487636a3bc56a03731795dc
Merge: 1377552 5f7fb67
Author: Zihao <zihaozhu@utexas.edu>
Date:   Thu Mar 30 01:16:33 2017 -0500

    Finished filtering for Games

commit 1377552276ba2103be41bb629880571c21d98998
Author: Zihao <zihaozhu@utexas.edu>
Date:   Wed Mar 29 22:27:49 2017 -0500

    Working on games

commit 5f7fb67c2d25215f63704405262b8f8f8c157ad5
Author: wcrasta <wcrasta@utexas.edu>
Date:   Wed Mar 29 21:58:38 2017 -0500

    Fixing things again.

commit c5096ed3f973cf29b06ddddf4c81b64923605e96
Author: wcrasta <wcrasta@utexas.edu>
Date:   Wed Mar 29 21:54:31 2017 -0500

    This is my test of Travis CI

commit 45a0b59e50706313ad99ed40e872d048adb3fe35
Author: kbbrownn <kbbrown@utexas.edu>
Date:   Wed Mar 29 21:44:43 2017 -0500

    New design for dynamic pages

commit a7c5f1ef1bd32b8c5476ffa98840df5ddd95b0e0
Merge: 61d3cec 82554ab
Author: Zihao Zhu <zz3686@cs.utexas.edu>
Date:   Wed Mar 29 15:56:27 2017 -0500

    Merge branch 'phase2' of https://github.com/wcrasta/idb into phase2

commit 61d3cec3e7aaf68fb9c10be047b996d7ac64e2d0
Author: Zihao Zhu <zz3686@cs.utexas.edu>
Date:   Wed Mar 29 15:56:13 2017 -0500

    Made a huge dent in filtering

commit 82554abba5a2d5c506ca0c491bd54c267e7080a3
Author: kbbrownn <kbbrown@utexas.edu>
Date:   Wed Mar 29 15:38:52 2017 -0500

    Fixed formatting of dynamic pages

commit cb9a3d3608be787f4a2db02adf1a1b1a439d6765
Author: kbbrownn <kbbrown@utexas.edu>
Date:   Wed Mar 29 15:17:28 2017 -0500

    Made games list scrollable on platform page

commit a2d02f10ae2eeeb0367cae1490e98316abf0de8c
Merge: ceac4aa d3f8e3e
Author: wcrasta <wcrasta@utexas.edu>
Date:   Wed Mar 29 15:03:39 2017 -0500

    Merge branch 'phase2' of https://github.com/wcrasta/idb into phase2

commit ceac4aab325904c1526aeee73d2b3cd7cadef77a
Author: wcrasta <wcrasta@utexas.edu>
Date:   Wed Mar 29 15:03:30 2017 -0500

    Hiding stuff.

commit d3f8e3ef727ac0cb4418a225d701f935649bb3e5
Author: Zihao Zhu <zz3686@cs.utexas.edu>
Date:   Wed Mar 29 14:50:25 2017 -0500

    Added sorting for platform and reviews

commit 8cdbb5c6e28a25b4b4c4004ceddb48b2e69c0c2c
Author: Colin Thornton <colin@cs.utexas.edu>
Date:   Wed Mar 29 14:47:27 2017 -0500

    Added sorting options for studios need to fix platform sort

commit c96d432b97efa5239be405502828cdd5d571a52f
Author: Colin Thornton <colin@cs.utexas.edu>
Date:   Wed Mar 29 14:32:19 2017 -0500

    Fixed Filtering alignment studios

commit 015d54736662e27430846dfc0dab3ccd89f69b21
Author: Zihao Zhu <zz3686@cs.utexas.edu>
Date:   Wed Mar 29 14:28:23 2017 -0500

    push

commit a8261889950c3fc3b734fbc4e4d0b1cc647c0544
Merge: b65d406 1433ff0
Author: Colin Thornton <colin@cs.utexas.edu>
Date:   Wed Mar 29 14:26:28 2017 -0500

    Merge branch 'phase2' of https://github.com/wcrasta/idb into phase2

commit b65d406c47f3ccd009d834040bd8511c2a4b73ba
Author: Colin Thornton <colin@cs.utexas.edu>
Date:   Wed Mar 29 14:25:55 2017 -0500

    Rounded edges for pictures

commit 1433ff04dc5144a17cd35ec751a16e324d3f128d
Merge: 632fa2f 854d84a
Author: wcrasta <wcrasta@utexas.edu>
Date:   Wed Mar 29 14:24:31 2017 -0500

    Testing Makefile

commit 632fa2f70a70a73ae20bb7d1c38fc3b4a738eca4
Author: wcrasta <wcrasta@utexas.edu>
Date:   Wed Mar 29 14:22:56 2017 -0500

    Testing Makefile

commit 854d84aa38b625a42a0f93351dfb36fa57b62bf7
Author: Zihao Zhu <zz3686@cs.utexas.edu>
Date:   Wed Mar 29 14:20:53 2017 -0500

    Added sorting

commit 69b14a6996e6cd43dc5aec255a4622888ba2a765
Author: Zihao Zhu <zz3686@cs.utexas.edu>
Date:   Wed Mar 29 14:11:40 2017 -0500

    Fixed games.html formatting

commit 83ba00f27fbc20a32d91bb842415e2283857146e
Merge: 571a222 c6472f2
Author: Zihao Zhu <zz3686@cs.utexas.edu>
Date:   Wed Mar 29 14:08:10 2017 -0500

    fixed make file

commit 571a222b1d1c8ac11d2bb2b9547ade27479ef8cc
Author: Zihao Zhu <zz3686@cs.utexas.edu>
Date:   Wed Mar 29 14:07:05 2017 -0500

    fixed makefile

commit c6472f231f7cf3c47b641a4e78fbe0eeea20f730
Author: kbbrownn <kbbrown@utexas.edu>
Date:   Wed Mar 29 13:40:17 2017 -0500

    Added a favicon / reformatted all other template code

commit 218762c97dd45842ba4c8df4b25c7aa30d6b3a23
Author: Zihao Zhu <zz3686@cs.utexas.edu>
Date:   Wed Mar 29 13:19:45 2017 -0500

    Fixed unit test hopefully forever

commit e660983c5c570d02b861cb99759473325a870b45
Merge: 1c3db92 9c98cc2
Author: kbbrownn <kbbrown@utexas.edu>
Date:   Wed Mar 29 13:06:26 2017 -0500

    Merge branch 'phase2' of https://github.com/wcrasta/idb into phase2

commit 1c3db92dad8a0cf53b0e6ba07e7c2b80a866282a
Author: kbbrownn <kbbrown@utexas.edu>
Date:   Wed Mar 29 13:06:14 2017 -0500

    Unit test results should be back in modal -- reformatted code

commit 9c98cc2c5c39c75195ee1297183553fb8168fdcb
Author: Zihao <zihaozhu@utexas.edu>
Date:   Wed Mar 29 00:31:44 2017 -0500

    Fixed pylint for tests.py, need to check makefile tmr

commit 9c0493850de9e363bf47484e59d0a4780eedae26
Author: Zihao <zihaozhu@utexas.edu>
Date:   Wed Mar 29 00:15:09 2017 -0500

    Added links from studio to game instance

commit e6084b976ec74c942181f322369188a2bc5cdc18
Author: Zihao <zihaozhu@utexas.edu>
Date:   Wed Mar 29 00:10:25 2017 -0500

    Fixed unit test to be relative to file

commit c922db36d0fa010581c871463c83b6af511fd363
Author: kbbrownn <kbbrown@utexas.edu>
Date:   Tue Mar 28 22:45:36 2017 -0500

    Fixed links to platforms / broken website links on studios page

commit af848b1a931e5818f45f8912a5e692b17aad7035
Author: kbbrownn <kbbrown@utexas.edu>
Date:   Tue Mar 28 16:18:54 2017 -0500

    Fixed a jump link on report page / spacing

commit 47ae690bacdeab4a3345fedaf140a914ce588bc0
Author: kbbrownn <kbbrown@utexas.edu>
Date:   Tue Mar 28 16:05:58 2017 -0500

    Fixed navbar font size / text acting like links on report page

commit 69a185fda584d2424c383b92d113bb93f9bed3b9
Author: kbbrownn <kbbrown@utexas.edu>
Date:   Tue Mar 28 15:56:57 2017 -0500

    Moved unit tests results to a fade in modal, with new button

commit c5f10871e9045daa06671aa39aefc54b9513e441
Merge: 718c718 c619cc3
Author: Zihao <zihaozhu@utexas.edu>
Date:   Tue Mar 28 00:10:15 2017 -0500

    Merge branch 'phase2' of https://github.com/wcrasta/idb into phase2

commit 718c7184db1496c2219aafd018d4a01deb4b34b8
Author: Zihao <zihaozhu@utexas.edu>
Date:   Tue Mar 28 00:09:17 2017 -0500

    Postgres migration

commit c619cc39766688aec95353581906ff8f4ebb222e
Author: wcrasta <wcrasta@utexas.edu>
Date:   Mon Mar 27 21:50:21 2017 -0500

    Clean up.

commit b47bc8877c991de1abcda14075f5a90b8d627f71
Author: Zihao <zihaozhu@utexas.edu>
Date:   Mon Mar 27 19:43:31 2017 -0500

    Wrote my section of report and fixed unit tests

commit 2ef5a034364369a4e752298f308af51f22601b74
Author: Zihao Zhu <zz3686@cs.utexas.edu>
Date:   Mon Mar 27 18:08:40 2017 -0500

    updated requirements.txt

commit 8ef781cb4b9dd60b18d3139b992c5a916ce7fa19
Author: Zihao Zhu <zz3686@cs.utexas.edu>
Date:   Mon Mar 27 18:04:37 2017 -0500

    updated makefile

commit 6e615f6080109377b7d954eb90e79dbf27bf833d
Author: Zihao Zhu <zz3686@cs.utexas.edu>
Date:   Mon Mar 27 17:23:39 2017 -0500

    Added unit test button

commit 0ca7a7455e792b63a9c1333105cf1931083f65a7
Author: Zihao Zhu <zz3686@cs.utexas.edu>
Date:   Mon Mar 27 16:54:08 2017 -0500

    fixed game layout

commit cae6eede53b0faf3bb8420bdeae9dc622a6b8c9a
Author: Zihao <zihaozhu@utexas.edu>
Date:   Mon Mar 27 16:49:48 2017 -0500

    repopulated db

commit f8c345183de75e54d44a231f952638272a94c820
Author: Zihao <zihaozhu@utexas.edu>
Date:   Mon Mar 27 16:36:14 2017 -0500

    Added csv files for migration

commit 5a510b4d0b0216041a72d6104598acd0e3699132
Author: Zihao Zhu <zz3686@cs.utexas.edu>
Date:   Mon Mar 27 16:02:40 2017 -0500

    sorting for games and populateDb fix

commit 012468e3f02945bdfee4d018eb3da4da7a6fa8ce
Author: Zihao Zhu <zz3686@cs.utexas.edu>
Date:   Mon Mar 27 14:41:24 2017 -0500

    Fixed models assertions

commit 0cedd3e590be23544a47d8137d75e3bf53ec9373
Author: Warren Crasta <warrencrasta@gmail.com>
Date:   Fri Mar 24 18:02:34 2017 -0500

    Updating log and # of commits as a result of the merge

commit d5c303b0b9423c47321a13a74e49486ac6ea4a50
Merge: aeaaeda da1f24d
Author: Warren Crasta <warrencrasta@gmail.com>
Date:   Fri Mar 24 17:28:03 2017 -0500

    Merging update into master

commit da1f24dce7f0688134b876b18be7b718b4c238cb
Merge: 8d1fcb8 c5c82dd
Author: Kaivan Shah <kaivan29@utexas.edu>
Date:   Thu Mar 23 21:50:00 2017 -0500

    Merge branch 'update' of https://github.com/wcrasta/idb into update

commit 8d1fcb83a6c97d47e8bd00c369fc40af9aeaaec6
Author: Kaivan Shah <kaivan29@utexas.edu>
Date:   Thu Mar 23 21:49:57 2017 -0500

    comon

commit 9ef6f29ddf6e3059c61a45f04f6abdb0fd3a600c
Author: Kaivan Shah <kaivan29@utexas.edu>
Date:   Thu Mar 23 21:49:14 2017 -0500

    abput page

commit c5c82dd706cda95be9b58cd2863a68c7f11d0062
Merge: 41edcda 8078d0e
Author: wcrasta <wcrasta@utexas.edu>
Date:   Thu Mar 23 21:44:18 2017 -0500

    hola

commit 41edcda361c677316c0c15fe020d8702bc37e8f2
Author: wcrasta <wcrasta@utexas.edu>
Date:   Thu Mar 23 21:43:24 2017 -0500

    report changes

commit 8078d0e06dd1e660e23d9a2329981249b59efd62
Author: Colin Thornton <colin@cs.utexas.edu>
Date:   Thu Mar 23 21:38:45 2017 -0500

    Finished report page

commit 329235780407ec2c02ac2359de90fe98f3723385
Author: wcrasta <wcrasta@utexas.edu>
Date:   Thu Mar 23 21:35:16 2017 -0500

    PDF

commit 661e63cd4e42285f84c852933c9d5c8ba0a8bfc6
Merge: 81963cb 2ad0447
Author: Kaivan Shah <kaivan29@utexas.edu>
Date:   Thu Mar 23 21:34:39 2017 -0500

    Merge branch 'update' of https://github.com/wcrasta/idb into update

commit 81963cb0ab9b4577c3e35725f6877f2c52b27612
Author: Kaivan Shah <kaivan29@utexas.edu>
Date:   Thu Mar 23 21:34:35 2017 -0500

    about is cool now

commit 2ad0447e782e0cc136627fcbddcf5e075b2e19ed
Author: wcrasta <wcrasta@utexas.edu>
Date:   Thu Mar 23 21:25:57 2017 -0500

    Formatting

commit edf586e73a2fbffddf02371a9e108a3ea3991802
Merge: d435600 3a2c364
Author: wcrasta <wcrasta@utexas.edu>
Date:   Thu Mar 23 21:18:37 2017 -0500

    Merge branch 'update' of https://github.com/wcrasta/idb into update

commit d435600a033ea271c8397ce84e7eb03dad03bb50
Author: wcrasta <wcrasta@utexas.edu>
Date:   Thu Mar 23 21:18:26 2017 -0500

    Makefile

commit 3a2c3647922e30f03eb39b9d5fcc7d3612dd295f
Merge: 25c0d94 9f21f60
Author: Colin Thornton <colin@cs.utexas.edu>
Date:   Thu Mar 23 21:16:08 2017 -0500

    Merge branch 'update' of https://github.com/wcrasta/idb into update

commit 25c0d94677aa28f77d6e1136317d993a524efe68
Author: Colin Thornton <colin@cs.utexas.edu>
Date:   Thu Mar 23 21:16:02 2017 -0500

    Name changes dynamically in browser tab

commit 9f21f609e0a218c3bc7a5f219e41c3457e84f6d3
Author: wcrasta <wcrasta@utexas.edu>
Date:   Thu Mar 23 21:02:06 2017 -0500

    Commented models

commit da80d57cac0926838e6e53da82d176912b226c1e
Author: Kaivan Shah <kaivan29@utexas.edu>
Date:   Thu Mar 23 21:00:51 2017 -0500

    report changes

commit c88caf5a55cbb4c9074c0c11e6ba32ca604c762f
Merge: 381b8a4 4226388
Author: Colin Thornton <colin@cs.utexas.edu>
Date:   Thu Mar 23 20:59:50 2017 -0500

    Merge branch 'update' of https://github.com/wcrasta/idb into update

commit 381b8a46211e7f6db6436f1d0ed75c97af52312a
Author: Colin Thornton <colin@cs.utexas.edu>
Date:   Thu Mar 23 20:59:33 2017 -0500

    Finished comments in...

commit 42263880cc20ac722c36564fa79a9f46473c7a16
Author: Kaivan Shah <kaivan29@utexas.edu>
Date:   Thu Mar 23 20:54:49 2017 -0500

    grammar changes lol

commit 648f2530673502b246b71b0ad2cef59135698470
Author: kbbrownn <kbbrown@utexas.edu>
Date:   Thu Mar 23 20:47:11 2017 -0500

    Fixed about page link formatting

commit c06231ac0a40d41507dc3382e3e7896b13c49e9a
Merge: 8285168 de184f7
Author: Kaivan Shah <kaivan29@utexas.edu>
Date:   Thu Mar 23 20:37:05 2017 -0500

    Merge branch 'update' of https://github.com/wcrasta/idb into update

commit 8285168af25e3236902708a84a7cb9f4c07ed4e7
Author: Kaivan Shah <kaivan29@utexas.edu>
Date:   Thu Mar 23 20:37:01 2017 -0500

    reportgit statusgit status

commit de184f7fd06fe4447b400bea17e8945c18c597c0
Author: kbbrownn <kbbrown@utexas.edu>
Date:   Thu Mar 23 20:36:06 2017 -0500

    Added link to technical report page

commit a98ed1cfd54e278eb4801e7599af384e06f37059
Merge: 8a6ba91 ee737d4
Author: kbbrownn <kbbrown@utexas.edu>
Date:   Thu Mar 23 20:14:53 2017 -0500

    Merge branch 'update' of https://github.com/wcrasta/idb into update

commit 8a6ba91365607dc27c9cfd3186c8ade8b56a8fb3
Author: kbbrownn <kbbrown@utexas.edu>
Date:   Thu Mar 23 20:14:46 2017 -0500

    Updated navbar with logo / other formatting

commit ee737d4da913f4f2fa877c4c0aaf65711a3db5bc
Author: wcrasta <wcrasta@utexas.edu>
Date:   Thu Mar 23 20:12:09 2017 -0500

    init.py

commit 03307f0999d90de5b7afdc21d51c80b101d68a71
Merge: 9245b62 94947cc
Author: wcrasta <wcrasta@utexas.edu>
Date:   Thu Mar 23 19:35:28 2017 -0500

    Merge branch 'update' of https://github.com/wcrasta/idb into update

commit 9245b626e45a15acdcaf343cff1a9aaeccbce2d1
Author: wcrasta <wcrasta@utexas.edu>
Date:   Thu Mar 23 19:35:12 2017 -0500

    Zihao Travis

commit 94947cc1d728adf8412fd2f59daa4e95448cc10d
Merge: d821a26 8415b0b
Author: Kaden Brown <kbb555@cs.utexas.edu>
Date:   Thu Mar 23 19:21:04 2017 -0500

    Merge branch 'update' of https://github.com/wcrasta/idb into update

commit d821a260fe40b43d4c72cee52acf28b2dbbf471d
Author: Kaden Brown <kbb555@cs.utexas.edu>
Date:   Thu Mar 23 19:20:43 2017 -0500

    Fixed coloring to white and fixed bad links for things without websites

commit 8415b0b4fa6c200f3bce3f9cf538fa1ec88fd7b1
Author: wcrasta <wcrasta@utexas.edu>
Date:   Thu Mar 23 19:10:37 2017 -0500

    Makefile

commit bcb2b5634472d1a40b8486bf65c513e4149ace74
Merge: a5693aa f9da15e
Author: Kaivan Shah <kaivan29@utexas.edu>
Date:   Thu Mar 23 19:08:35 2017 -0500

    Merge branch 'update' of https://github.com/wcrasta/idb into update

commit a5693aa4024da631bca2413f44ca206a9420aae2
Author: Kaivan Shah <kaivan29@utexas.edu>
Date:   Thu Mar 23 19:08:30 2017 -0500

    report stuff

commit f9da15e702005a8bd26f0ed1315587b47861e546
Merge: 9b6c21c e4479c3
Author: wcrasta <wcrasta@utexas.edu>
Date:   Thu Mar 23 19:04:35 2017 -0500

    Merge branch 'update' of https://github.com/wcrasta/idb into update

commit 9b6c21c500a7bf61b7f3f865bfa7a0805604b6fd
Author: wcrasta <wcrasta@utexas.edu>
Date:   Thu Mar 23 19:04:14 2017 -0500

    Travis pls

commit e4479c3fe14d8fa9facd14ab0e0e397672999fb0
Merge: d5401f8 b95e34a
Author: kbbrownn <kbbrown@utexas.edu>
Date:   Thu Mar 23 19:03:32 2017 -0500

    Merge branch 'update' of https://github.com/wcrasta/idb into update

commit d5401f836794628eee65545955eabf165c4b0677
Author: kbbrownn <kbbrown@utexas.edu>
Date:   Thu Mar 23 19:03:20 2017 -0500

    Updated navbar

commit b95e34a3f50e8389be4b1fef257be1ea9ff841c2
Author: wcrasta <wcrasta@utexas.edu>
Date:   Thu Mar 23 18:46:58 2017 -0500

    FIX TRAVISgit add .

commit 8d6f0966791721dfab8da0a27f7bbbee4928ff70
Author: wcrasta <wcrasta@utexas.edu>
Date:   Thu Mar 23 18:44:35 2017 -0500

    requirements.txt

commit 8a6ebf5ad63b34567520a9b6135d5856dd69ad8d
Author: wcrasta <wcrasta@utexas.edu>
Date:   Thu Mar 23 18:39:20 2017 -0500

    Comments and makefile change

commit 61b427cbfa2c0631f2102f02d64f51cf50d6046b
Merge: 6e86336 16c3ee7
Author: kbbrownn <kbbrown@utexas.edu>
Date:   Thu Mar 23 18:34:31 2017 -0500

    Merge branch 'update' of https://github.com/wcrasta/idb into update

commit 6e8633654f6098483cb45d3b11935160a871b630
Author: kbbrownn <kbbrown@utexas.edu>
Date:   Thu Mar 23 18:34:23 2017 -0500

    Updated about page project leader / tools

commit 16c3ee7d63bfa39ddd2ccf6f107f2b46e4ab0557
Merge: 24540cc c5c1c41
Author: Kaden Brown <kbb555@cs.utexas.edu>
Date:   Thu Mar 23 17:31:51 2017 -0500

    Merge branch 'update' of https://github.com/wcrasta/idb into update

commit 24540cc9a0cbccefaac964fb60b246328ba78d48
Author: Kaden Brown <kbb555@cs.utexas.edu>
Date:   Thu Mar 23 17:31:30 2017 -0500

    Fixed Sort and name length

commit c5c1c41e3ed32ed96e08a108e8624b9491e9957c
Author: kbbrownn <kbbrown@utexas.edu>
Date:   Thu Mar 23 17:30:51 2017 -0500

    Added functionality for mobile navbar

commit 8e05bfccc182be7efb6663e7efd0c227ebbefdc2
Merge: 142b51a cd38854
Author: Kaden Brown <kbb555@cs.utexas.edu>
Date:   Thu Mar 23 17:05:07 2017 -0500

    Merge branch 'update' of https://github.com/wcrasta/idb into update

commit 142b51a5535bfb6b3564f23d6c76e79f71258a8b
Author: Kaden Brown <kbb555@cs.utexas.edu>
Date:   Thu Mar 23 17:04:32 2017 -0500

    Finished studios and fixed platform background for large lists

commit 1bac534a29e00b86f373fbe7d6469d8fadcbe962
Author: Kaden Brown <kbb555@cs.utexas.edu>
Date:   Thu Mar 23 17:03:17 2017 -0500

    Finished studios and fixed platform background for large lists

commit cd3885417aa113ebecf254dc595fba52ebe70036
Merge: 37eec08 2a99368
Author: wcrasta <wcrasta@utexas.edu>
Date:   Thu Mar 23 16:42:49 2017 -0500

    Merge branch 'update' of https://github.com/wcrasta/idb into update

commit 37eec08815d5f4b571134c0297bf86f0ea8a3358
Author: wcrasta <wcrasta@utexas.edu>
Date:   Thu Mar 23 16:42:21 2017 -0500

    Updated tests

commit 2a99368800d3e77938a1306af170ebb4e29c3faf
Author: kbbrownn <kbbrown@utexas.edu>
Date:   Thu Mar 23 16:28:26 2017 -0500

    Updated platforms page with new style

commit 48edc7ba1e9f88e12d831ffc2f18d250d007bb52
Merge: 0a5e95b 5a49591
Author: kbbrownn <kbbrown@utexas.edu>
Date:   Thu Mar 23 16:27:58 2017 -0500

    Merge branch 'update' of https://github.com/wcrasta/idb into update

commit 5a495916256cc1311f0f15a7ee06e437a33d4e79
Author: Kaivan Shah <kaivan29@utexas.edu>
Date:   Thu Mar 23 16:07:48 2017 -0500

    platform fixed

commit 934683050eba6055ec0aab4e17b91c3774d0437f
Author: Anurag Papineni <anurag@cs.utexas.edu>
Date:   Thu Mar 23 16:00:43 2017 -0500

    studios style changed

commit 32508844bbcee6466500f80a4227dd45c0616043
Author: Kaivan Shah <kaivan29@utexas.edu>
Date:   Thu Mar 23 15:53:37 2017 -0500

    minor change

commit 0a5e95b5b91da117933206957bbc3070d006d14f
Author: kbbrownn <kbbrown@utexas.edu>
Date:   Thu Mar 23 15:49:08 2017 -0500

    Fixed linking for individual platforms

commit 95be29a849c828c34521f111043cfa3f919be65c
Merge: 3cf4569 1b97c9f
Author: Kaivan Shah <kaivan29@utexas.edu>
Date:   Thu Mar 23 15:45:45 2017 -0500

    Merge branch 'update' of https://github.com/wcrasta/idb into update

commit 3cf456921af0c1882775d877882ad266f34989dd
Author: Kaivan Shah <kaivan29@utexas.edu>
Date:   Thu Mar 23 15:45:40 2017 -0500

    background and navbar change for invidual pages

commit aeaaeda7bb2df983673e9263001c087669e4ba70
Author: Colin-Thornton <colin_thornton0366@utexas.edu>
Date:   Thu Mar 23 15:36:07 2017 -0500

    Added Foreign keys to games

commit 1b97c9fed830b74b7f66fd526185d5432ae3090c
Author: kbbrownn <kbbrown@utexas.edu>
Date:   Thu Mar 23 15:36:01 2017 -0500

    New style on platforms page -- added image rounding

commit 7c8e5ca6647c5055a809d5c3a0a7345c3a11131e
Author: kbbrownn <kbbrown@utexas.edu>
Date:   Thu Mar 23 15:02:52 2017 -0500

    Fixed more formatting

commit 672dee32d92c484121d453f2cb571f4c4403ae65
Author: kbbrownn <kbbrown@utexas.edu>
Date:   Thu Mar 23 14:45:21 2017 -0500

    Possibly fixed games formatting with new bg

commit 35c777efe61056277f1c93c9b661297eb74a3d73
Author: Colin-Thornton <colin_thornton0366@utexas.edu>
Date:   Thu Mar 23 13:33:59 2017 -0500

    Finished Api for Apiary

commit 7c2bd23b86fae7b575ebbf9b6e7e9a3b512baadf
Author: Zihao <zihaozhu@utexas.edu>
Date:   Thu Mar 23 13:28:16 2017 -0500

    removed templates and ds_store

commit 63dfa569c8c9995ad30b62ae3f497e3a2b771dc7
Author: Zihao <zihaozhu@utexas.edu>
Date:   Thu Mar 23 13:27:07 2017 -0500

    fixed gitignore

commit 9a0ca058c648460ef3022e12a3d7773ffe198e75
Merge: 1053206 ca35fda
Author: Zihao <zihaozhu@utexas.edu>
Date:   Thu Mar 23 13:21:42 2017 -0500

    Fixed up models.py and app.db

commit 1053206d1a0868cf3c2f1058ed3295a1ee0a52b5
Author: Zihao <zihaozhu@utexas.edu>
Date:   Thu Mar 23 13:17:02 2017 -0500

    Fixed db and models.py

commit ca35fda81a32300c7e69ef3905948def6dcb20c9
Merge: 76d2fb4 5019aa8
Author: wcrasta <wcrasta@utexas.edu>
Date:   Thu Mar 23 13:16:18 2017 -0500

    Updated structure.

commit 76d2fb418573aa1daa750910de1968bb45aaf0d4
Author: wcrasta <wcrasta@utexas.edu>
Date:   Thu Mar 23 13:10:36 2017 -0500

    Changing repo structure.

commit 5019aa8eeabc187bc54490476f08439e66c5c82d
Author: Zihao <zihaozhu@utexas.edu>
Date:   Thu Mar 23 12:32:58 2017 -0500

    Doc string for models.py

commit a92bbb435ea9e9fbb2c23fcafbf2dd7c42c003e3
Author: Anurag Papineni <anuragpapineni@gmail.com>
Date:   Thu Mar 23 12:10:56 2017 -0500

    Studio page now shows studio name properly

commit fcec2b79cdcd9936e0a42a1836ff2a1c3e5a4a2e
Author: Warren Crasta <warrencrasta@gmail.com>
Date:   Thu Mar 23 11:54:42 2017 -0500

    UML Diagram

commit 9f3ec8327dd6354b35f6cd37e112203de9f7c0ab
Author: Zihao <zihaozhu@utexas.edu>
Date:   Thu Mar 23 10:50:48 2017 -0500

    Finished unit tests

commit 17972543914937df67ca8cb8a8dae9618a0ef9a4
Author: Zihao <zihaozhu@utexas.edu>
Date:   Thu Mar 23 10:40:49 2017 -0500

    We there boys

commit d45eb04b9ec4eae4ce7b435f3293bd9fabdd2074
Author: Anurag Papineni <anuragpapineni@gmail.com>
Date:   Thu Mar 23 08:37:12 2017 -0500

    Some unit tests. need 5 more

commit bc0aa3f33fb478f682b88d18ed2e01d309d33f92
Author: Anurag Papineni <anuragpapineni@gmail.com>
Date:   Thu Mar 23 07:52:48 2017 -0500

    small fix

commit 5041fcab5042bb1c2b700bc6de1cc8ac8ed765c4
Author: Anurag Papineni <anuragpapineni@gmail.com>
Date:   Thu Mar 23 07:52:15 2017 -0500

    updated populateDb.py

commit 3c94288870afc028d266f40002801f1fea457e58
Author: Anurag Papineni <anuragpapineni@gmail.com>
Date:   Thu Mar 23 07:17:33 2017 -0500

    bug fix and added studio to game

commit 90db36962656d36e11dd82c967b04c4926b3bfa3
Author: Anurag Papineni <anuragpapineni@gmail.com>
Date:   Thu Mar 23 05:15:35 2017 -0500

    all links between models working

commit ffdb555f7361a6ee34f44d2ede78d88c28c24bac
Author: Anurag Papineni <anuragpapineni@gmail.com>
Date:   Thu Mar 23 02:58:51 2017 -0500

    fixed some bugs with game and platform

commit 79dc83b1733ffd3abeca8720b7d644f757d281fb
Author: kbbrownn <kbbrown@utexas.edu>
Date:   Thu Mar 23 02:42:57 2017 -0500

    Fixed formatting for platforms page

commit 15be77597c70f2e9d3e56e94a4e9022b2e562975
Author: Anurag Papineni <anuragpapineni@gmail.com>
Date:   Thu Mar 23 02:04:30 2017 -0500

    took out some unused stuff

commit 25d980d0c9c596d6ef9bb76b62b17c9106bb4d71
Author: Anurag Papineni <anuragpapineni@gmail.com>
Date:   Thu Mar 23 02:03:18 2017 -0500

    game now links to reviews

commit 85813419fc4fb1da58cb357e5e40698cf7114324
Author: Anurag Papineni <anuragpapineni@gmail.com>
Date:   Thu Mar 23 01:56:56 2017 -0500

    embedded videos added to games pages

commit ad781cbef40151802ade52f8d244b3bbd44954e7
Merge: 17810a0 28bb5c3
Author: kbbrownn <kbbrown@utexas.edu>
Date:   Thu Mar 23 01:46:50 2017 -0500

    Merge branch 'update' of https://github.com/wcrasta/idb into update

commit 17810a0b0fa677583d34466725562d137308ae53
Author: kbbrownn <kbbrown@utexas.edu>
Date:   Thu Mar 23 01:46:40 2017 -0500

    Games page should look pretty good now

commit 28bb5c34cadb4a54996e17d58e218024f04bce60
Author: Zihao <zihaozhu@utexas.edu>
Date:   Thu Mar 23 01:41:46 2017 -0500

    updated db

commit 7c295b2b434749d19847655d3a2844a97c2dedf0
Author: Anurag Papineni <anuragpapineni@gmail.com>
Date:   Thu Mar 23 01:31:58 2017 -0500

    added some links and hopefully images won't look terrible anymore

commit 5f9377e6c786614f5d15ac9bcf6404a2185fd96f
Author: Anurag Papineni <anuragpapineni@gmail.com>
Date:   Thu Mar 23 00:57:52 2017 -0500

    i suck

commit 61e3b0a08fb4c9adc3ba2aa8f3239ce82f6ac89b
Merge: f4a9335 c917a93
Author: kbbrownn <kbbrown@utexas.edu>
Date:   Thu Mar 23 00:52:11 2017 -0500

    Merge branch 'update' of https://github.com/wcrasta/idb into update

commit f4a9335655f07a5bc459a79d4ad2e5e02c97211b
Author: kbbrownn <kbbrown@utexas.edu>
Date:   Thu Mar 23 00:51:58 2017 -0500

    Fixed games grid formatting, updated some css -- may still need some spacing changes on titles

commit c917a93d5104a3621c2bb51dff6a099703c5b193
Merge: 4400514 cf62195
Author: Zihao <zihaozhu@utexas.edu>
Date:   Thu Mar 23 00:50:25 2017 -0500

    Merge branch 'update' of https://github.com/wcrasta/idb into update

commit 4400514d62819ca1b7e51d7711d9ea267fa3f9dd
Author: Zihao <zihaozhu@utexas.edu>
Date:   Thu Mar 23 00:50:14 2017 -0500

    try now

commit cf621959beb895340c7c34e333a8358b07b53057
Author: Anurag Papineni <anuragpapineni@gmail.com>
Date:   Thu Mar 23 00:45:47 2017 -0500

    Studio now lists all games

commit 4d02d1047614f60f3ef4a1733ea3354ccc99f41e
Author: Zihao <zihaozhu@utexas.edu>
Date:   Thu Mar 23 00:40:59 2017 -0500

    Added db

commit 9c29333e14818bf6382b68dbad0a95e330628427
Author: Anurag Papineni <anuragpapineni@gmail.com>
Date:   Thu Mar 23 00:37:34 2017 -0500

    More review changes

commit a0958fc62c9e60d4f957c9bd68a35c2f627d1f23
Author: Anurag Papineni <anuragpapineni@gmail.com>
Date:   Thu Mar 23 00:31:44 2017 -0500

    video changes added

commit ab895caaf12252f8f5fd2c8867b15bba7963c776
Author: Anurag Papineni <anuragpapineni@gmail.com>
Date:   Thu Mar 23 00:13:44 2017 -0500

    fixed reviews somewhat

commit f5fa743b7519d7b016a74e5533550baeca4a57cb
Author: Anurag Papineni <anuragpapineni@gmail.com>
Date:   Thu Mar 23 00:03:22 2017 -0500

    games template basically done

commit 4f89c6406cf87f115b7413a9c3af0c50c40cecdd
Author: kbbrownn <kbbrown@utexas.edu>
Date:   Wed Mar 22 21:50:21 2017 -0500

    Changed reviews heading text color to white

commit 8c026b2893f701b98b455aaa52b6502193fc79ac
Author: kbbrownn <kbbrown@utexas.edu>
Date:   Wed Mar 22 21:48:20 2017 -0500

    Changed pagination.info to white text color

commit 1b44fd8b82b124134643513667db3cb419941e82
Author: Colin Thornton <colin@cs.utexas.edu>
Date:   Wed Mar 22 21:05:10 2017 -0500

    Added the studio logo to the studio page as well as default image

commit 7db8e4ccc7b82b6adca5df97a51fe836bd1ee3c3
Author: Kaivan Shah <kaivan29@utexas.edu>
Date:   Wed Mar 22 20:35:35 2017 -0500

    como estas

commit 890b895831ab52c27f82318dd8ec3805e6c51534
Merge: 7d5bb98 246a6b2
Author: Kaivan Shah <kaivan29@utexas.edu>
Date:   Wed Mar 22 20:29:30 2017 -0500

    Merge branch 'update' of https://github.com/wcrasta/idb into update

commit 7d5bb98ac8a78df34a52abc42159d9e8525d53e4
Merge: 2f81dd2 0274995
Author: Kaivan Shah <kaivan29@utexas.edu>
Date:   Wed Mar 22 20:28:29 2017 -0500

    ola

commit 246a6b2c1d60f715b73dfeeb13817e9ed92b75e4
Author: Colin Thornton <colin@cs.utexas.edu>
Date:   Wed Mar 22 20:28:25 2017 -0500

    Fixed Apiary link in about page

commit 2f81dd2cf67ac7e6fb7f7838803cc3d067361428
Author: Kaivan Shah <kaivan29@utexas.edu>
Date:   Wed Mar 22 20:26:16 2017 -0500

    changes across all pages

commit 0274995cb48553bea656140a569d8903c8218cbf
Merge: f4ffc2b b52c51d
Author: Anurag Papineni <anurag@cs.utexas.edu>
Date:   Wed Mar 22 20:20:14 2017 -0500

    Merge branch 'update' of http://github.com/wcrasta/idb into update

commit f4ffc2b2ba89f05efe21735fd7760fc3dcc14bb8
Author: Anurag Papineni <anurag@cs.utexas.edu>
Date:   Wed Mar 22 20:19:55 2017 -0500

    fixed studios

commit b52c51d9818678f419c87120ef62ea9daade94ea
Merge: 0fbe32d a014306
Author: Kaivan Shah <kaivan29@utexas.edu>
Date:   Wed Mar 22 20:11:41 2017 -0500

    Merge branch 'update' of https://github.com/wcrasta/idb into update

commit 0fbe32d178f412d8e811057bc82b96027fd00e8f
Author: Kaivan Shah <kaivan29@utexas.edu>
Date:   Wed Mar 22 20:11:35 2017 -0500

    minor change

commit a014306f834147b01c1bec2d792bd6600038288d
Merge: e46b478 c584aa7
Author: Zihao Zhu <zz3686@cs.utexas.edu>
Date:   Wed Mar 22 20:06:44 2017 -0500

    Merge branch 'update' of https://github.com/wcrasta/idb into update

commit e46b478185c1b21eceda51a18faffe31dbdd90cc
Author: Zihao Zhu <zz3686@cs.utexas.edu>
Date:   Wed Mar 22 20:06:25 2017 -0500

    added studios

commit d2acb01f6a119e8816eb4f552bb22f1cfeef2729
Author: Colin-Thornton <colin_thornton0366@utexas.edu>
Date:   Wed Mar 22 20:04:03 2017 -0500

    Finished filling content

commit c584aa7607f93776ce0f9fa86f8f1bf9244a123f
Author: Kaivan Shah <kaivan29@utexas.edu>
Date:   Wed Mar 22 19:54:36 2017 -0500

    sorting hoverbar addd

commit 0290561d5ee367494c7557ff0b420dcce2163218
Merge: 20ad55c 7116fd9
Author: Kaivan Shah <kaivan29@utexas.edu>
Date:   Wed Mar 22 19:44:44 2017 -0500

    Merge branch 'update' of https://github.com/wcrasta/idb into update

commit 7116fd973aae679b8d0bba348cc6e5548c3cedb0
Author: Zihao Zhu <zz3686@cs.utexas.edu>
Date:   Wed Mar 22 19:43:02 2017 -0500

    Made dynamic

commit 20ad55c66d2c50dd4e51bf5136136578d2439b0f
Merge: 3d2d192 4c89380
Author: Kaivan Shah <kaivan29@utexas.edu>
Date:   Wed Mar 22 19:42:21 2017 -0500

    trial

commit 3d2d192a6e3ec564ae7fb9e738b8fffd03e3d231
Author: Kaivan Shah <kaivan29@utexas.edu>
Date:   Wed Mar 22 19:38:25 2017 -0500

    sorting functionality added

commit 4c893802ec4d8345f40138934b879a8556af8362
Author: Zihao Zhu <zz3686@cs.utexas.edu>
Date:   Wed Mar 22 19:02:07 2017 -0500

    done with phase 2

commit 07a042947f067175b201b677ceeee0a5adef1b8f
Author: kbbrownn <kbbrown@utexas.edu>
Date:   Wed Mar 22 18:46:26 2017 -0500

    Changed css again

commit 3cfaecc4568f52635e72863d866b46a75e9795c0
Author: kbbrownn <kbbrown@utexas.edu>
Date:   Wed Mar 22 18:37:09 2017 -0500

    Possibly fixed home page breaking on collapse

commit 0ed67cb3c20fe4bbf4015a491d8fecced5d0e16c
Author: kbbrownn <kbbrown@utexas.edu>
Date:   Wed Mar 22 18:19:10 2017 -0500

    Possibly fixed css disaster for navbar

commit 8c5361e56ee8669646a5259c46c06d22e9ba141f
Author: kbbrownn <kbbrown@utexas.edu>
Date:   Wed Mar 22 17:46:49 2017 -0500

    Fixed formatting of toggler on drop down

commit a77d0c3ba6c2921af748549f005c9a73b1f9cd79
Author: Warren Crasta <warrencrasta@gmail.com>
Date:   Wed Mar 22 17:43:00 2017 -0500

    Making deployment work. Resolves #28.

commit d1678c1bb679d8cb7c231d7d4b7b2b70896db88c
Author: kbbrownn <kbbrown@utexas.edu>
Date:   Wed Mar 22 17:26:28 2017 -0500

    Fixed games on game page

commit add256d7a2b6725969b1ecb77b6758c595c85263
Author: kbbrownn <kbbrown@utexas.edu>
Date:   Wed Mar 22 17:22:51 2017 -0500

    Added apiary link to about page

commit 37d2a5ceb463494089d3578d812fff1e6f7d7763
Author: kbbrownn <kbbrown@utexas.edu>
Date:   Wed Mar 22 17:11:48 2017 -0500

    Added navbar toggler functionality

commit 2ce02089ded781df88df5767a75e0ef140cffd8a
Author: Kaivan Shah <kaivan29@utexas.edu>
Date:   Wed Mar 22 16:56:01 2017 -0500

    design changes

commit 17a4628fa74bc87887c231e9e863e76802794761
Merge: 734b5c8 63abf21
Author: Kaivan Shah <kaivan29@utexas.edu>
Date:   Wed Mar 22 16:42:42 2017 -0500

    Merge branch 'update' of https://github.com/wcrasta/idb into update

commit 734b5c81cba1fa456e8684e3b486c4eca9196f4a
Author: Kaivan Shah <kaivan29@utexas.edu>
Date:   Wed Mar 22 16:42:30 2017 -0500

    changed to grid format and filter options added

commit 63abf2140ecb767cca7e7a495798f8bbf1218b12
Merge: a95f267 613bfc7
Author: wcrasta <wcrasta@utexas.edu>
Date:   Wed Mar 22 16:41:56 2017 -0500

    Merge branch 'update' of https://github.com/wcrasta/idb into update

commit a95f2675abe4e862c10380fcb86c8bf31a49338d
Author: wcrasta <wcrasta@utexas.edu>
Date:   Wed Mar 22 16:41:33 2017 -0500

    Makefile.

commit 613bfc7ec3cb9816a596ac88e5330bfa3aeabd18
Author: kbbrownn <kbbrown@utexas.edu>
Date:   Wed Mar 22 16:40:38 2017 -0500

    CSS changes

commit 68a3f7b10e47a8aa8e7575c2def29ed92730ca5a
Author: kbbrownn <kbbrown@utexas.edu>
Date:   Wed Mar 22 16:40:03 2017 -0500

    Added navbar toggler for when window gets small / small screens -- working on functionality

commit 4eceb7fa295fb21d80fe684eff2c0db8fca00103
Author: wcrasta <wcrasta@utexas.edu>
Date:   Wed Mar 22 16:34:20 2017 -0500

    Updated makefile

commit 2dc9ce09a14dd6a114b2d91c75d51b85d07e1422
Author: wcrasta <wcrasta@utexas.edu>
Date:   Wed Mar 22 16:25:35 2017 -0500

    Fixing Travis

commit 305a932617c2f91bed8e520047152d01c8ce7056
Author: wcrasta <wcrasta@utexas.edu>
Date:   Wed Mar 22 16:23:43 2017 -0500

    More messing with Travis v2

commit 8e8bdc029c597fc499f4e7af18707fd22d1d25c1
Author: wcrasta <wcrasta@utexas.edu>
Date:   Wed Mar 22 16:21:27 2017 -0500

    More messing with Travis

commit 627890cb3ec9e7cb8dfc24891d756d342d01a42f
Author: Zihao <zihaozhu@utexas.edu>
Date:   Wed Mar 22 16:14:35 2017 -0500

    last db, i promise

commit 3b10dfbf79a19b6044f5ffec2a604e90f6666d5d
Author: kbbrownn <kbbrown@utexas.edu>
Date:   Wed Mar 22 15:59:57 2017 -0500

    Added boostrap.min.css import

commit 08be5e9eafb551a33865dfd48a697a184b980e2d
Author: kbbrownn <kbbrown@utexas.edu>
Date:   Wed Mar 22 15:53:05 2017 -0500

    Updated studios page to reflect grid style

commit 5cf93cef390b97a81f8a6b284a202b67160a1c64
Merge: cd54e08 80244c4
Author: Zihao Zhu <zz3686@cs.utexas.edu>
Date:   Wed Mar 22 15:51:54 2017 -0500

    fixed populate to mark duplicates

commit cd54e08f8166ef42dfcbc183b0225a578868f930
Author: Zihao Zhu <zz3686@cs.utexas.edu>
Date:   Wed Mar 22 15:49:44 2017 -0500

    fixed populate to mark duplicates

commit 80244c487d86ecb9a1cb29cf5e2a01f4832d0ed5
Author: kbbrownn <kbbrown@utexas.edu>
Date:   Wed Mar 22 15:44:51 2017 -0500

    Updated platforms page to reflect grid style

commit f891fd6390fb38f4202c296643eb1e6cd10c0c2e
Author: Zihao <zihaozhu@utexas.edu>
Date:   Wed Mar 22 15:30:59 2017 -0500

    Added review and studio instances

commit c2fb5f11d86c02fc04f810c64a1275253d6f21f3
Merge: 4d926b1 4cbbc1f
Author: kbbrownn <kbbrown@utexas.edu>
Date:   Wed Mar 22 15:29:31 2017 -0500

    Merge branch 'update' of https://github.com/wcrasta/idb into update

commit 4d926b1ff19998d74fb5a55e6fe9fa5491901def
Author: kbbrownn <kbbrown@utexas.edu>
Date:   Wed Mar 22 15:29:10 2017 -0500

    Had to change all the games for games page for simplicity of linking -- added column for filtering

commit 4cbbc1fb5214f3c880bf50157b5216070ca4fbeb
Author: Zihao <zihaozhu@utexas.edu>
Date:   Wed Mar 22 15:16:41 2017 -0500

    Fixed platform instance

commit d4a1a2afbb1b6e61e4358d73aa8be56887d18c80
Author: Zihao <zihaozhu@utexas.edu>
Date:   Wed Mar 22 14:55:04 2017 -0500

    Updated platform_instances

commit ff2c58eb724e867fcd40bb5990e6e1c6d7642cd3
Author: kbbrownn <kbbrown@utexas.edu>
Date:   Wed Mar 22 14:38:00 2017 -0500

    Fixed a few things in css, also added links / dividers to games page

commit 984080b1613a1f4dc8193077c17e70fdf71375d9
Author: kbbrownn <kbbrown@utexas.edu>
Date:   Wed Mar 22 14:25:34 2017 -0500

    Updated games page to reflect a static grid style

commit dd5af85b1c2a801efc6d6d938398ef888f37556e
Author: Colin-Thornton <colin_thornton0366@utexas.edu>
Date:   Wed Mar 22 13:56:11 2017 -0500

    Finished base for apiary need to add example info

commit 36572a0351c12b912fa2fc0bc7da405bbf7eef19
Author: wcrasta <wcrasta@utexas.edu>
Date:   Wed Mar 22 13:44:48 2017 -0500

    Cheating on Travis CI

commit 53db00872f5a1407320bf4e899f4608a278af394
Author: wcrasta <wcrasta@utexas.edu>
Date:   Wed Mar 22 13:36:16 2017 -0500

    Updated Travis, please work.

commit 79c9a80171780a43128ae27622f095596fa2d3c1
Author: kbbrownn <kbbrown@utexas.edu>
Date:   Wed Mar 22 12:40:44 2017 -0500

    Added template for individual reviews

commit ba5cb68c00be3aaffec760909c54ec1dbb156e20
Author: kbbrownn <kbbrown@utexas.edu>
Date:   Wed Mar 22 12:27:24 2017 -0500

    Added template for individual studios

commit 03b8b3d47f2f3b2c77afac3f344b790b8e2c7295
Author: Zihao <zihaozhu@utexas.edu>
Date:   Wed Mar 22 10:37:26 2017 -0500

    Displays alright

commit 278afcad18311723fd7e3828c0978bdcc59d2e26
Author: wcrasta <wcrasta@utexas.edu>
Date:   Wed Mar 22 10:27:11 2017 -0500

    Reverting back to old makefile. Travis build hanging...

commit 6da0e0ff0024c6a8af83e872535c7d6c13409f60
Author: wcrasta <wcrasta@utexas.edu>
Date:   Wed Mar 22 10:20:31 2017 -0500

    Testing Travis

commit e4576fb0507fc7782ea80a78fe730d48aa9ee688
Author: Zihao <zihaozhu@utexas.edu>
Date:   Wed Mar 22 02:35:03 2017 -0500

    Uncommented so front-end can work

commit 493672ef40d198aad94748774dcb02d8c61f98ab
Author: Zihao <zihaozhu@utexas.edu>
Date:   Wed Mar 22 02:33:52 2017 -0500

    Studio page broken, will fix after lunch

commit 7b548d63fe35d0b6e7126f7922930b4b676fbb09
Author: Anurag Papineni <anuragpapineni@gmail.com>
Date:   Wed Mar 22 02:05:56 2017 -0500

    games template updated to include all fields

commit 54263e106bd653e73414aaf042e0818de2445b44
Merge: b55508e 298f319
Author: Anurag Papineni <anuragpapineni@gmail.com>
Date:   Wed Mar 22 01:30:33 2017 -0500

    fucked up merge last time this is the real one

commit 298f319a9d98a26c9dfd6850f369ce1b22c3c820
Author: Zihao <zihaozhu@utexas.edu>
Date:   Wed Mar 22 00:53:43 2017 -0500

    Populated db

commit c9218a4a3e12fa7d28e0136157ac079376b38abd
Author: Anurag Papineni <anuragpapineni@gmail.com>
Date:   Wed Mar 22 00:38:18 2017 -0500

    wuck findows

commit b55508e240e7dc2ac57982adbfa24ca2b143cfce
Author: wcrasta <wcrasta@utexas.edu>
Date:   Tue Mar 21 23:10:25 2017 -0500

    Working makefile. I hope.

commit 398ba2d6d77af31a4aee4a9f1609d507e48c8c13
Author: wcrasta <wcrasta@utexas.edu>
Date:   Tue Mar 21 22:59:53 2017 -0500

    Fixing typo in Travis YML

commit 55276e2a1cce57906496fabcb709bb2adb35c779
Author: wcrasta <wcrasta@utexas.edu>
Date:   Tue Mar 21 22:52:31 2017 -0500

    Simple Makefile

commit e5b3e69e4c701d31171e5d067cb5127b0587324a
Merge: 8de5c5d 056bfdd
Author: Colin Thornton <colin@cs.utexas.edu>
Date:   Tue Mar 21 22:40:10 2017 -0500

    Merge branch 'update' of https://github.com/wcrasta/idb into update

commit 8de5c5d7b723591e71d6c8f1b6211d6c0b8f0e8a
Author: Colin Thornton <colin@cs.utexas.edu>
Date:   Tue Mar 21 22:40:02 2017 -0500

    Added Default cover art

commit 056bfdd9cdf1751f68c0475ec0cf13f60427b15f
Author: Kaivan Shah <kaivan29@utexas.edu>
Date:   Tue Mar 21 22:38:10 2017 -0500

    minor changes

commit dc7acfc02ef802c4fbbef5ed4381be4db2595fad
Merge: ba7ab5a 9b7b38e
Author: Kaivan Shah <kaivan29@utexas.edu>
Date:   Tue Mar 21 22:35:11 2017 -0500

    Merge branch 'update' of https://github.com/wcrasta/idb into update

commit ba7ab5a38516f878d98fb5566360d557f8e61385
Author: Kaivan Shah <kaivan29@utexas.edu>
Date:   Tue Mar 21 22:35:07 2017 -0500

    filtering done

commit 9957a5b2bd9b8f5d9dba483626b44781bc80d224
Author: Zihao Zhu <zz3686@cs.utexas.edu>
Date:   Tue Mar 21 22:20:57 2017 -0500

    almost there

commit 9b7b38e6ff437ad22359a0895ceb41a3a964fbb1
Author: kbbrownn <kbbrown@utexas.edu>
Date:   Tue Mar 21 22:18:34 2017 -0500

    Added a default image for cases with no cover art

commit 6b4d4c63ca66f102f6cd6d2b792ec00d882d9e7b
Author: Colin Thornton <colin@cs.utexas.edu>
Date:   Tue Mar 21 22:12:46 2017 -0500

    Added Images to the table

commit 538912b70436e02407991a57b62a34b65b8ec2cd
Author: kbbrownn <kbbrown@utexas.edu>
Date:   Tue Mar 21 22:00:37 2017 -0500

    Added template for individual platform pages

commit b07ae42b2334439b0a6c38d86b4d3020ff3932ef
Author: Kaivan Shah <kaivan29@utexas.edu>
Date:   Tue Mar 21 21:51:57 2017 -0500

    links added

commit 087f09f58190dee67a34145049b4dd0006186a4d
Author: Zihao Zhu <zz3686@cs.utexas.edu>
Date:   Tue Mar 21 21:44:44 2017 -0500

    Populate DB changes

commit ad8c8d3120ec830390090440dc851269908a05ca
Author: Kaivan Shah <kaivan29@utexas.edu>
Date:   Tue Mar 21 21:34:26 2017 -0500

    sorting done

commit c1f2aa413c3c4491e29d999246ddb435fc59df0d
Author: kbbrownn <kbbrown@utexas.edu>
Date:   Tue Mar 21 21:29:48 2017 -0500

    Separated js from html

commit 8cd342825107b6d999dd3b9419dc0bdc4c1361c6
Author: Kaivan Shah <kaivan29@utexas.edu>
Date:   Tue Mar 21 21:27:11 2017 -0500

    Reviews sorted

commit 3853d5d2bafb24aeded57a149198f45e35652d8c
Author: Kaivan Shah <kaivan29@utexas.edu>
Date:   Tue Mar 21 21:25:12 2017 -0500

    Sorting platforms

commit 8f36ce506560e61088df6dcf7591465046dba8b8
Author: kbbrownn <kbbrown@utexas.edu>
Date:   Tue Mar 21 21:21:56 2017 -0500

    Added template for individual game page

commit 48c3388b2df0c32aab73d95236d18b44f4dc7371
Author: Kaivan Shah <kaivan29@utexas.edu>
Date:   Tue Mar 21 21:17:06 2017 -0500

    Sorting for Games page

commit 98b274e5889b3b58e0a6cccb7c940545ac88b0a8
Author: Zihao Zhu <zz3686@cs.utexas.edu>
Date:   Tue Mar 21 21:05:59 2017 -0500

    Still broken part 2

commit a79d9ed4c3237f25b04b29e234bf909d7ec0cdc9
Author: Zihao Zhu <zz3686@cs.utexas.edu>
Date:   Tue Mar 21 19:49:27 2017 -0500

    Still broken i think

commit b6f27030dbbd858446f237dea3c170e9ad399e95
Author: Colin Thornton <colin@cs.utexas.edu>
Date:   Tue Mar 21 18:58:12 2017 -0500

    test

commit 0474fc5e329f4f68d37cf5dc9f25a8bfc15e0043
Author: wcrasta <wcrasta@utexas.edu>
Date:   Tue Mar 21 18:30:21 2017 -0500

    Updated GitIgnore

commit 2b3510bc375378d247d7133e119b899194d0365f
Author: wcrasta <wcrasta@utexas.edu>
Date:   Tue Mar 21 18:29:43 2017 -0500

    Removed folders

commit 115fae52f5721f3b57a991b03270d9e0cefa4679
Merge: 70d114e c54af0f
Author: wcrasta <wcrasta@utexas.edu>
Date:   Tue Mar 21 18:25:26 2017 -0500

    Merge branch 'update' of https://github.com/wcrasta/idb into update

commit 70d114e18180e2f49770a23000a6816942e1a286
Author: wcrasta <wcrasta@utexas.edu>
Date:   Tue Mar 21 18:24:56 2017 -0500

    GitIgnore

commit c54af0f4590e72402f9dc37ec6e69305976ac111
Merge: e025db4 92e5353
Author: Colin Thornton <colin@cs.utexas.edu>
Date:   Tue Mar 21 18:21:00 2017 -0500

    Merge branch 'update' of https://github.com/wcrasta/idb into update
    
    lol what

commit 92e535391f9547d82863fcc3f4707033e0b27cad
Author: wcrasta <wcrasta@utexas.edu>
Date:   Tue Mar 21 18:20:33 2017 -0500

    Remove pycache

commit e025db47d54193e25f59f414e5f40eb058f6b915
Author: Colin Thornton <colin@cs.utexas.edu>
Date:   Tue Mar 21 18:11:32 2017 -0500

    Updated models.py to contain more attributes

commit e3353c9b07ef02b984ef2ee0453b4781045569de
Author: kbbrownn <kbbrown@utexas.edu>
Date:   Tue Mar 21 18:05:11 2017 -0500

    Fixed photo / code formatting

commit f362060725287ab42a884ea2ddd2b36795ac826a
Merge: eff2623 42f8b4c
Author: kbbrownn <kbbrown@utexas.edu>
Date:   Tue Mar 21 18:01:37 2017 -0500

    Merge branch 'update' of https://github.com/wcrasta/idb into update

commit 42f8b4cce12aaac5dcf2c215245d59831d89e9c9
Author: Kaivan Shah <kaivan29@utexas.edu>
Date:   Tue Mar 21 18:01:09 2017 -0500

    image!

commit eff2623e877e5ecb3a5c58c568552bb302b3340c
Merge: 45071c9 9c27aae
Author: kbbrownn <kbbrown@utexas.edu>
Date:   Tue Mar 21 18:00:09 2017 -0500

    Merge branch 'update' of https://github.com/wcrasta/idb into update

commit 9c27aae06849b3ce20e3646611737e5854b03f18
Author: Kaivan Shah <kaivan29@utexas.edu>
Date:   Tue Mar 21 17:59:27 2017 -0500

    added info on about.html

commit 4e8818d95fc2ffee2856c3e08aa5e19c9ed47bac
Author: Kaivan Shah <kaivan29@utexas.edu>
Date:   Tue Mar 21 17:44:54 2017 -0500

    added my image

commit 9d2bbaecb7e570c7c903e54b338b602d77f3052c
Author: Kaivan Shah <kaivan29@utexas.edu>
Date:   Tue Mar 21 17:44:17 2017 -0500

    added info in about.html

commit 8a13f8cfd9b83f6a384bfe6bbe655fa5305ff38d
Author: Zihao <zihaozhu@utexas.edu>
Date:   Tue Mar 21 16:34:53 2017 -0500

    Fixed url by removing .html

commit f39a8106bd1d338a3334e4020bf6ed60c0193ebb
Author: Anurag Papineni <anuragpapineni@gmail.com>
Date:   Tue Mar 21 16:23:51 2017 -0500

    added sorting query parameter to use in games

commit d686d045c823bacc3b5ad1399ee106f2684d8b33
Author: Zihao <zihaozhu@utexas.edu>
Date:   Tue Mar 21 15:47:47 2017 -0500

    Added unittests and contributed 3

commit bd496e6dd10f8a9e805553c27b2af8a5030ee2e4
Author: Anurag Papineni <anuragpapineni@gmail.com>
Date:   Tue Mar 21 14:34:42 2017 -0500

    api scraping script added to repo

commit 827968a51bb36618501eb4adf47ed121b3693a42
Author: Anurag Papineni <anuragpapineni@gmail.com>
Date:   Tue Mar 21 14:25:34 2017 -0500

    my profile page changes

commit 45071c9d84fde879ac5ab94b31b2b935d23383b6
Merge: fe072ef 7878881
Author: kbbrownn <kbbrown@utexas.edu>
Date:   Tue Mar 21 13:47:28 2017 -0500

    Merge branch 'update' of https://github.com/wcrasta/idb into update

commit 7878881e34c30c97f8064a015b2bc2ec57be0c4a
Author: Zihao <zihaozhu@utexas.edu>
Date:   Tue Mar 21 13:43:28 2017 -0500

    Finished pagination/database

commit fe072ef41d017f4bde55604398cb429ba54227fe
Author: kbbrownn <kbbrown@utexas.edu>
Date:   Tue Mar 21 13:27:36 2017 -0500

    Forgot the css

commit c2001f2a02cd12cc45f07c6e6013cfce2f30ed55
Author: kbbrownn <kbbrown@utexas.edu>
Date:   Tue Mar 21 13:26:35 2017 -0500

    Updating styling on dev to reflect master

commit 208ebcb4e6d922eb0574dd3678400ffd760dbd94
Author: Zihao <zihaozhu@utexas.edu>
Date:   Tue Mar 21 03:57:35 2017 -0500

    95% done with database

commit 2a0add519c8a7abd34ce16b1b557f808ed42c90a
Author: Zihao <zihaozhu@utexas.edu>
Date:   Tue Mar 21 03:18:29 2017 -0500

    Fixed Game.html along with implemented basic SQL (needs heavy debugging and discussion)

commit 63cb3d4b3bf24eaf07ffba5dd149bf8e48436db2
Author: Zihao <zihaozhu@utexas.edu>
Date:   Tue Mar 21 02:08:09 2017 -0500

    Populated db with games

commit 7d653f2fb17052802b012cd13b04b9c765c7c9e5
Author: Zihao <zihaozhu@utexas.edu>
Date:   Mon Mar 20 20:22:02 2017 -0500

    Slowly getting SQLAlchemy together

commit 3df04c6922a9a205f879655ced84635ca7494788
Author: wcrasta <wcrasta@utexas.edu>
Date:   Mon Mar 20 19:11:26 2017 -0500

    Models done....Possibly

commit b1980f0bc0a7bd09fdbc3f3a3a91bca3bc9aeb4a
Author: wcrasta <wcrasta@utexas.edu>
Date:   Mon Mar 20 18:24:37 2017 -0500

    Corrected Date for games table

commit 78d1792fcafe98d3d123ebcd50820b3f0ec2f699
Merge: e95b93b 36f9a0f
Author: wcrasta <wcrasta@utexas.edu>
Date:   Mon Mar 20 18:19:40 2017 -0500

    Merge branch 'dev' of https://github.com/wcrasta/idb into dev

commit e95b93b1d6d74dc15a5a4e4ebce56c5bdcc516b7
Author: wcrasta <wcrasta@utexas.edu>
Date:   Mon Mar 20 18:04:45 2017 -0500

    Populating grids and fixed time

commit bb85fccc1954650f8758a71ffe665c1dfff5c0f4
Author: kbbrownn <kbbrown@utexas.edu>
Date:   Mon Mar 20 17:14:51 2017 -0500

    Fixed glyphicons among browsers

commit 5ccda6af0cdfc1fd7b1201fa52e1ba65f7e7e0d3
Author: kbbrownn <kbbrown@utexas.edu>
Date:   Mon Mar 20 16:42:26 2017 -0500

    Fixed navbar styling among browsers

commit 36f9a0f21996c3600c11a683b2be99cf5162be31
Author: Zihao <zihaozhu@utexas.edu>
Date:   Mon Mar 20 15:36:21 2017 -0500

    Fixed many to one relationship

commit 56e75077d09e8815b30cfa73a38bb315dad627fd
Author: Zihao <zihaozhu@utexas.edu>
Date:   Mon Mar 20 15:29:44 2017 -0500

    Fixed up relationship in sqlalc

commit 8e01b2e73bd12f794bc00c1418e2ef8c8d45334d
Author: kbbrownn <kbbrown@utexas.edu>
Date:   Mon Mar 20 15:19:27 2017 -0500

    Removed a hex coloring for navbar that possibly caused miscoloring on Firefox

commit b82452fe2abce307cb83fbe1f200a6bfae922a7e
Author: wcrasta <wcrasta@utexas.edu>
Date:   Mon Mar 20 14:34:18 2017 -0500

    Making things work on Flask again.

commit 0a2c26a1cb921d6798df57a3f3cda0d0b3073b17
Merge: 20dc857 e5058c7
Author: Zihao <zihaozhu@utexas.edu>
Date:   Mon Mar 20 13:54:21 2017 -0500

    Merge branch 'master' of https://github.com/wcrasta/idb
    
    Updating master to contain what we developed

commit 20dc857efb41857df2a07e265d27890108a1a7fb
Author: kbbrownn <kbbrown@utexas.edu>
Date:   Mon Mar 20 13:50:34 2017 -0500

    Fixed navbar styling on home page

commit e5058c7879b58980aa7f48a4fd72baf2e10ac4f5
Author: Warren Crasta <warrencrasta@gmail.com>
Date:   Mon Mar 20 13:45:31 2017 -0500

    Transferring API Description file from Apiary.io

commit 03ea6767ee32291e8ee3dc2fee3ab53c70ec6c73
Author: kbbrownn <kbbrown@utexas.edu>
Date:   Mon Mar 20 13:21:59 2017 -0500

    Fixes #19

commit b6870d0ef3b440549539ab910bad017b54dc541c
Author: kbbrownn <kbbrown@utexas.edu>
Date:   Mon Mar 20 13:10:10 2017 -0500

    Changed hrefs for brand back to 'home.html' in the mean time for ease of access

commit 2f1150be460ae25f9cf3268ace2278f200f0f942
Author: kbbrownn <kbbrown@utexas.edu>
Date:   Mon Mar 20 12:57:59 2017 -0500

    Added Colin about page info

commit 041a681f66e639dca1a7ee3e1f28ff0904e9c94b
Author: kbbrownn <kbbrown@utexas.edu>
Date:   Mon Mar 20 12:57:49 2017 -0500

    Added Colin about page info

commit 48a61e1e38c20b202a7215b4d20dd7a508af7c7f
Merge: 616dcab 4815170
Author: kbbrownn <kbbrown@utexas.edu>
Date:   Mon Mar 20 12:54:45 2017 -0500

    Merge branch 'dev' of https://github.com/wcrasta/idb into dev

commit 616dcab9fafc3eed21c393a55d3a8be10492de71
Author: kbbrownn <kbbrown@utexas.edu>
Date:   Mon Mar 20 12:54:14 2017 -0500

    Added Colin's about info

commit 48151700886361f280f55150655d041473e93105
Author: Zihao <zihaozhu@utexas.edu>
Date:   Mon Mar 20 00:37:50 2017 -0500

    Added more to model.py and fixed them

commit bba49587f3cc359e64d42ba58e92ca83e25c4fbb
Author: kbbrownn <kbbrown@utexas.edu>
Date:   Sun Mar 19 15:31:19 2017 -0500

    Fixed some formatting and updated descriptions of tools

commit 07810307ec2a913493cb33c46c042b7452a2fe50
Author: kbbrownn <kbbrown@utexas.edu>
Date:   Sun Mar 19 15:02:31 2017 -0500

    Added Warren's about page info -- also setup stats/data/tools

commit 221e6f4db6c58b2ca10626d0cdc3045268f9c52f
Author: kbbrownn <kbbrown@utexas.edu>
Date:   Sun Mar 19 13:36:27 2017 -0500

    Setup team section of about page -- changed navbar a bit

commit 23319e814f12bed6dbbbcd9a4af1b9303841d1d2
Author: kbbrownn <kbbrown@utexas.edu>
Date:   Sun Mar 19 10:04:23 2017 -0500

    Added placeholders for about page sections

commit 7bac7d679d1db43e6ef03a2d930ca574d0353ea5
Author: kbbrownn <kbbrown@utexas.edu>
Date:   Sun Mar 19 09:59:55 2017 -0500

    Fixed spacing on right of navbar -- experimenting with different styles

commit 78a3df286b49f37d648370aa332e3d221426999c
Author: Zihao <zihaozhu@utexas.edu>
Date:   Fri Mar 17 22:56:48 2017 -0500

    Implemented basic framework for sqlalchemy and basic backbone for models

commit ea4ea5ee71b26e34aeb28aa62cc2f433635bd7c2
Author: Warren Crasta <warrencrasta@gmail.com>
Date:   Fri Mar 17 13:52:29 2017 -0500

    Fix Broken Links

commit 980e680711eac2728d89a577c6aa3144c345c909
Author: Zihao <zihaozhu@utexas.edu>
Date:   Fri Mar 17 00:26:22 2017 -0500

    Created links to the html pages

commit 5374e0c3389c1224b69b18740b462600b8de022e
Author: kbbrownn <kbbrown@utexas.edu>
Date:   Thu Mar 16 20:30:27 2017 -0500

    Fixed a couple table names / site titles

commit e62438a0cc01e5abbaf31cd515d59e135572d295
Author: kbbrownn <kbbrown@utexas.edu>
Date:   Thu Mar 16 20:28:32 2017 -0500

    Setup sample data tables for each model/page -- just experimenting with things

commit 96f971d92fe23c96e5228beb9451fa46e1d9d3e8
Author: kbbrownn <kbbrown@utexas.edu>
Date:   Thu Mar 16 19:28:13 2017 -0500

    Added pages for games, platforms, studios, reviews and about -- everything is linked through the navbar

commit eeea98fe877d10bf39c7aa3cf422757d53ddf7dc
Merge: 8b1c765 6f3868a
Author: kbbrownn <kbbrown@utexas.edu>
Date:   Thu Mar 16 00:20:21 2017 -0500

    Merge branch 'dev' of https://github.com/wcrasta/idb into dev

commit 8b1c765354fecdce06179c209ac79bc2c5ae382e
Author: kbbrownn <kbbrown@utexas.edu>
Date:   Thu Mar 16 00:20:02 2017 -0500

    Completely forgot about studios model -- updated carousel and navbar

commit 6f3868ad366169119c0e6128b649ca36916547fa
Author: Zihao <zihaozhu@utexas.edu>
Date:   Wed Mar 15 23:55:16 2017 -0500

     Added temporary .travis.yml

commit 5ffc403b9e8dd5c77406057186c98363f8f29ca0
Author: kbbrownn <kbbrown@utexas.edu>
Date:   Wed Mar 15 23:19:56 2017 -0500

    Implemented a search bar w/ button for home page

commit 0346fc4d511c2fc6efee71601cf12a929d960de2
Author: kbbrownn <kbbrown@utexas.edu>
Date:   Wed Mar 15 20:08:06 2017 -0500

    Implemented a simple navbar w/ links to future pages -- separated css

commit dac709c118e26928a5dd84081430c48defc6ad32
Author: Warren Crasta <warrencrasta@gmail.com>
Date:   Wed Mar 15 16:59:14 2017 -0500

    Clean up

commit 3efc68bc662f8130b6dff7e9cf876d194138d920
Author: Zihao <zihaozhu@utexas.edu>
Date:   Wed Mar 15 13:21:34 2017 -0500

    Hooked up homepage

commit 97b55edcf9345ea67cc7623c7552b9c580e977a1
Author: kbbrownn <kbbrown@utexas.edu>
Date:   Tue Mar 14 22:25:16 2017 -0500

    Added css/fonts/images/js files and implemented a simple carousel splash page

commit c188aa5a04d13d1953aa90dbdbd1460de8866505
Author: Warren Crasta <warrencrasta@gmail.com>
Date:   Mon Mar 13 18:25:08 2017 -0500

    First commit
